var Map = map[string]Color{
    "hotpink":              Color{color.RGBA{0xff,0xaf,0x5f,0xff}, 205},
    "lavenderblush":        Color{color.RGBA{0xff,0xff,0xff,0xff}, 231},
    "lightpink":            Color{color.RGBA{0xff,0xaf,0xaf,0xff}, 217},
    "mediumspringgreen":    Color{color.RGBA{0x00,0x87,0xff,0xff}, 48},
    "turquoise":            Color{color.RGBA{0x5f,0xd7,0xd7,0xff}, 80},
    "floralwhite":          Color{color.RGBA{0xff,0xff,0xff,0xff}, 231},
    "darksalmon":           Color{color.RGBA{0xd7,0x87,0x87,0xff}, 174},
    "ivory":                Color{color.RGBA{0xff,0xff,0xff,0xff}, 231},
    "lightgreen":           Color{color.RGBA{0x87,0x87,0xff,0xff}, 120},
    "lightslategray":       Color{color.RGBA{0x87,0x87,0x87,0xff}, 102},
    "mediumorchid":         Color{color.RGBA{0xaf,0xd7,0x5f,0xff}, 134},
    "salmon":               Color{color.RGBA{0xff,0x5f,0x87,0xff}, 209},
    "darkviolet":           Color{color.RGBA{0x87,0xd7,0x00,0xff}, 92},
    "deeppink":             Color{color.RGBA{0xff,0x87,0x00,0xff}, 198},
    "navajowhite":          Color{color.RGBA{0xff,0xaf,0xd7,0xff}, 223},
    "antiquewhite":         Color{color.RGBA{0xff,0xd7,0xd7,0xff}, 224},
    "darkorchid":           Color{color.RGBA{0x87,0xd7,0x5f,0xff}, 98},
    "firebrick":            Color{color.RGBA{0xaf,0x00,0x00,0xff}, 124},
    "lightcoral":           Color{color.RGBA{0xff,0x87,0x87,0xff}, 210},
    "paleturquoise":        Color{color.RGBA{0xaf,0xff,0xff,0xff}, 159},
    "steelblue":            Color{color.RGBA{0x5f,0xaf,0x87,0xff}, 67},
    "blanchedalmond":       Color{color.RGBA{0xff,0xd7,0xd7,0xff}, 224},
    "mediumturquoise":      Color{color.RGBA{0x5f,0xd7,0xd7,0xff}, 80},
    "cornflowerblue":       Color{color.RGBA{0x5f,0xff,0x87,0xff}, 69},
    "lightseagreen":        Color{color.RGBA{0x00,0xaf,0xaf,0xff}, 37},
    "cadetblue":            Color{color.RGBA{0x5f,0xaf,0xaf,0xff}, 73},
    "cyan":                 Color{color.RGBA{0x00,0xff,0xff,0xff}, 51},
    "sandybrown":           Color{color.RGBA{0xff,0x5f,0xaf,0xff}, 215},
    "sienna":               Color{color.RGBA{0xaf,0x00,0x5f,0xff}, 130},
    "slategray":            Color{color.RGBA{0x5f,0x87,0x87,0xff}, 66},
    "darkmagenta":          Color{color.RGBA{0x87,0x87,0x00,0xff}, 90},
    "darkorange":           Color{color.RGBA{0xff,0x00,0x87,0xff}, 208},
    "grey":                 Color{color.RGBA{0x80,0x80,0x80,0xff}, 244},
    "mediumaquamarine":     Color{color.RGBA{0x5f,0xaf,0xd7,0xff}, 79},
    "darkgreen":            Color{color.RGBA{0x00,0x00,0x5f,0xff}, 22},
    "darkslategrey":        Color{color.RGBA{0x44,0x44,0x44,0xff}, 238},
    "peachpuff":            Color{color.RGBA{0xff,0xaf,0xd7,0xff}, 223},
    "rosybrown":            Color{color.RGBA{0xaf,0x87,0x87,0xff}, 138},
    "aliceblue":            Color{color.RGBA{0xff,0xff,0xff,0xff}, 231},
    "beige":                Color{color.RGBA{0xff,0xd7,0xff,0xff}, 230},
    "blue":                 Color{color.RGBA{0x00,0xff,0x00,0xff}, 21},
    "darkgoldenrod":        Color{color.RGBA{0xaf,0x00,0x87,0xff}, 136},
    "limegreen":            Color{color.RGBA{0x5f,0x5f,0xd7,0xff}, 77},
    "magenta":              Color{color.RGBA{0xff,0xff,0x00,0xff}, 201},
    "navy":                 Color{color.RGBA{0x00,0x87,0x00,0xff}, 18},
    "palegreen":            Color{color.RGBA{0x87,0x87,0xff,0xff}, 120},
    "burlywood":            Color{color.RGBA{0xd7,0x87,0xaf,0xff}, 180},
    "deepskyblue":          Color{color.RGBA{0x00,0xff,0xaf,0xff}, 39},
    "green":                Color{color.RGBA{0x00,0x00,0x87,0xff}, 28},
    "lightgray":            Color{color.RGBA{0xd0,0xd0,0xd0,0xff}, 252},
    "lime":                 Color{color.RGBA{0x00,0x00,0xff,0xff}, 46},
    "linen":                Color{color.RGBA{0xee,0xee,0xee,0xff}, 255},
    "bisque":               Color{color.RGBA{0xff,0xd7,0xd7,0xff}, 224},
    "lightblue":            Color{color.RGBA{0xaf,0xd7,0xd7,0xff}, 152},
    "lightsalmon":          Color{color.RGBA{0xff,0x87,0xaf,0xff}, 216},
    "lightslategrey":       Color{color.RGBA{0x87,0x87,0x87,0xff}, 102},
    "mediumvioletred":      Color{color.RGBA{0xd7,0x87,0x00,0xff}, 162},
    "olive":                Color{color.RGBA{0x87,0x00,0x87,0xff}, 100},
    "aqua":                 Color{color.RGBA{0x00,0xff,0xff,0xff}, 51},
    "gainsboro":            Color{color.RGBA{0xda,0xda,0xda,0xff}, 253},
    "ghostwhite":           Color{color.RGBA{0xff,0xff,0xff,0xff}, 231},
    "gold":                 Color{color.RGBA{0xff,0x00,0xd7,0xff}, 220},
    "indigo":               Color{color.RGBA{0x5f,0x87,0x00,0xff}, 54},
    "mediumpurple":         Color{color.RGBA{0x87,0xd7,0x5f,0xff}, 98},
    "orangered":            Color{color.RGBA{0xff,0x00,0x5f,0xff}, 202},
    "tomato":               Color{color.RGBA{0xff,0x5f,0x5f,0xff}, 203},
    "wheat":                Color{color.RGBA{0xff,0xaf,0xd7,0xff}, 223},
    "darkkhaki":            Color{color.RGBA{0xaf,0x5f,0xaf,0xff}, 143},
    "lawngreen":            Color{color.RGBA{0x87,0x00,0xff,0xff}, 118},
    "purple":               Color{color.RGBA{0x87,0x87,0x00,0xff}, 90},
    "saddlebrown":          Color{color.RGBA{0x87,0x00,0x5f,0xff}, 94},
    "springgreen":          Color{color.RGBA{0x00,0x87,0xff,0xff}, 48},
    "thistle":              Color{color.RGBA{0xd7,0xd7,0xaf,0xff}, 182},
    "darkturquoise":        Color{color.RGBA{0x00,0xd7,0xd7,0xff}, 44},
    "greenyellow":          Color{color.RGBA{0xaf,0x00,0xff,0xff}, 154},
    "khaki":                Color{color.RGBA{0xff,0x87,0xd7,0xff}, 222},
    "lightcyan":            Color{color.RGBA{0xd7,0xff,0xff,0xff}, 195},
    "snow":                 Color{color.RGBA{0xff,0xff,0xff,0xff}, 231},
    "whitesmoke":           Color{color.RGBA{0xee,0xee,0xee,0xff}, 255},
    "dimgray":              Color{color.RGBA{0x6c,0x6c,0x6c,0xff}, 242},
    "oldlace":              Color{color.RGBA{0xff,0xd7,0xff,0xff}, 230},
    "palevioletred":        Color{color.RGBA{0xd7,0x87,0x5f,0xff}, 168},
    "plum":                 Color{color.RGBA{0xd7,0xd7,0xaf,0xff}, 182},
    "orchid":               Color{color.RGBA{0xd7,0xd7,0x5f,0xff}, 170},
    "red":                  Color{color.RGBA{0xff,0x00,0x00,0xff}, 196},
    "indianred":            Color{color.RGBA{0xd7,0x5f,0x5f,0xff}, 167},
    "lemonchiffon":         Color{color.RGBA{0xff,0xd7,0xff,0xff}, 230},
    "lightgrey":            Color{color.RGBA{0xd0,0xd0,0xd0,0xff}, 252},
    "mediumblue":           Color{color.RGBA{0x00,0xd7,0x00,0xff}, 20},
    "midnightblue":         Color{color.RGBA{0x00,0x5f,0x00,0xff}, 17},
    "moccasin":             Color{color.RGBA{0xff,0xaf,0xd7,0xff}, 223},
    "slategrey":            Color{color.RGBA{0x5f,0x87,0x87,0xff}, 66},
    "darkcyan":             Color{color.RGBA{0x00,0x87,0x87,0xff}, 30},
    "goldenrod":            Color{color.RGBA{0xd7,0x00,0xaf,0xff}, 178},
    "mediumseagreen":       Color{color.RGBA{0x5f,0x5f,0xaf,0xff}, 71},
    "peru":                 Color{color.RGBA{0xd7,0x5f,0x87,0xff}, 173},
    "blueviolet":           Color{color.RGBA{0x87,0xd7,0x00,0xff}, 92},
    "powderblue":           Color{color.RGBA{0xaf,0xd7,0xd7,0xff}, 152},
    "yellow":               Color{color.RGBA{0xff,0x00,0xff,0xff}, 226},
    "silver":               Color{color.RGBA{0xbc,0xbc,0xbc,0xff}, 250},
    "azure":                Color{color.RGBA{0xff,0xff,0xff,0xff}, 231},
    "coral":                Color{color.RGBA{0xff,0x5f,0x87,0xff}, 209},
    "mintcream":            Color{color.RGBA{0xff,0xff,0xff,0xff}, 231},
    "papayawhip":           Color{color.RGBA{0xff,0xd7,0xff,0xff}, 230},
    "violet":               Color{color.RGBA{0xff,0xff,0x87,0xff}, 213},
    "darkgray":             Color{color.RGBA{0xa8,0xa8,0xa8,0xff}, 248},
    "forestgreen":          Color{color.RGBA{0x00,0x00,0x87,0xff}, 28},
    "gray":                 Color{color.RGBA{0x80,0x80,0x80,0xff}, 244},
    "pink":                 Color{color.RGBA{0xff,0xd7,0xaf,0xff}, 218},
    "royalblue":            Color{color.RGBA{0x5f,0xd7,0x5f,0xff}, 62},
    "teal":                 Color{color.RGBA{0x00,0x87,0x87,0xff}, 30},
    "chocolate":            Color{color.RGBA{0xd7,0x00,0x5f,0xff}, 166},
    "darkblue":             Color{color.RGBA{0x00,0x87,0x00,0xff}, 18},
    "darkslategray":        Color{color.RGBA{0x44,0x44,0x44,0xff}, 238},
    "palegoldenrod":        Color{color.RGBA{0xff,0xaf,0xd7,0xff}, 223},
    "slateblue":            Color{color.RGBA{0x5f,0xd7,0x5f,0xff}, 62},
    "white":                Color{color.RGBA{0xff,0xff,0xff,0xff}, 231},
    "skyblue":              Color{color.RGBA{0x87,0xd7,0xd7,0xff}, 116},
    "yellowgreen":          Color{color.RGBA{0x87,0x5f,0xd7,0xff}, 113},
    "cornsilk":             Color{color.RGBA{0xff,0xd7,0xff,0xff}, 230},
    "crimson":              Color{color.RGBA{0xd7,0x5f,0x00,0xff}, 161},
    "darkolivegreen":       Color{color.RGBA{0x4e,0x4e,0x4e,0xff}, 239},
    "dimgrey":              Color{color.RGBA{0x6c,0x6c,0x6c,0xff}, 242},
    "orange":               Color{color.RGBA{0xff,0x00,0xaf,0xff}, 214},
    "seagreen":             Color{color.RGBA{0x00,0x5f,0x87,0xff}, 29},
    "chartreuse":           Color{color.RGBA{0x87,0x00,0xff,0xff}, 118},
    "darkred":              Color{color.RGBA{0x87,0x00,0x00,0xff}, 88},
    "lavender":             Color{color.RGBA{0xee,0xee,0xee,0xff}, 255},
    "lightgoldenrodyellow": Color{color.RGBA{0xff,0xd7,0xff,0xff}, 230},
    "lightyellow":          Color{color.RGBA{0xff,0xd7,0xff,0xff}, 230},
    "mediumslateblue":      Color{color.RGBA{0x87,0xff,0x5f,0xff}, 99},
    "tan":                  Color{color.RGBA{0xd7,0x87,0xaf,0xff}, 180},
    "brown":                Color{color.RGBA{0xaf,0x00,0x00,0xff}, 124},
    "darkseagreen":         Color{color.RGBA{0x87,0x87,0xaf,0xff}, 108},
    "dodgerblue":           Color{color.RGBA{0x00,0xff,0x87,0xff}, 33},
    "fuchsia":              Color{color.RGBA{0xff,0xff,0x00,0xff}, 201},
    "olivedrab":            Color{color.RGBA{0x5f,0x00,0x87,0xff}, 64},
    "seashell":             Color{color.RGBA{0xee,0xee,0xee,0xff}, 255},
    "aquamarine":           Color{color.RGBA{0x87,0xd7,0xff,0xff}, 122},
    "black":                Color{color.RGBA{0x00,0x00,0x00,0xff}, 16},
    "darkslateblue":        Color{color.RGBA{0x5f,0x87,0x5f,0xff}, 60},
    "maroon":               Color{color.RGBA{0x87,0x00,0x00,0xff}, 88},
    "mistyrose":            Color{color.RGBA{0xff,0xd7,0xd7,0xff}, 224},
    "darkgrey":             Color{color.RGBA{0xa8,0xa8,0xa8,0xff}, 248},
    "honeydew":             Color{color.RGBA{0xee,0xee,0xee,0xff}, 255},
    "lightskyblue":         Color{color.RGBA{0x87,0xff,0xd7,0xff}, 117},
    "lightsteelblue":       Color{color.RGBA{0xaf,0xd7,0xd7,0xff}, 152},
}
