var Palette color.Palette = []color.Color{
    // 216 colors: 16-232; 6 * 6 * 6 = 216 colors
    &Color{&color.RGBA{0x00,0x00,0x00,0xff}, 16},
    &Color{&color.RGBA{0x00,0x00,0x5f,0xff}, 17},
    &Color{&color.RGBA{0x00,0x00,0x87,0xff}, 18},
    &Color{&color.RGBA{0x00,0x00,0xaf,0xff}, 19},
    &Color{&color.RGBA{0x00,0x00,0xd7,0xff}, 20},
    &Color{&color.RGBA{0x00,0x00,0xff,0xff}, 21},
    &Color{&color.RGBA{0x00,0x5f,0x00,0xff}, 22},
    &Color{&color.RGBA{0x00,0x5f,0x5f,0xff}, 23},
    &Color{&color.RGBA{0x00,0x5f,0x87,0xff}, 24},
    &Color{&color.RGBA{0x00,0x5f,0xaf,0xff}, 25},
    &Color{&color.RGBA{0x00,0x5f,0xd7,0xff}, 26},
    &Color{&color.RGBA{0x00,0x5f,0xff,0xff}, 27},
    &Color{&color.RGBA{0x00,0x87,0x00,0xff}, 28},
    &Color{&color.RGBA{0x00,0x87,0x5f,0xff}, 29},
    &Color{&color.RGBA{0x00,0x87,0x87,0xff}, 30},
    &Color{&color.RGBA{0x00,0x87,0xaf,0xff}, 31},
    &Color{&color.RGBA{0x00,0x87,0xd7,0xff}, 32},
    &Color{&color.RGBA{0x00,0x87,0xff,0xff}, 33},
    &Color{&color.RGBA{0x00,0xaf,0x00,0xff}, 34},
    &Color{&color.RGBA{0x00,0xaf,0x5f,0xff}, 35},
    &Color{&color.RGBA{0x00,0xaf,0x87,0xff}, 36},
    &Color{&color.RGBA{0x00,0xaf,0xaf,0xff}, 37},
    &Color{&color.RGBA{0x00,0xaf,0xd7,0xff}, 38},
    &Color{&color.RGBA{0x00,0xaf,0xff,0xff}, 39},
    &Color{&color.RGBA{0x00,0xd7,0x00,0xff}, 40},
    &Color{&color.RGBA{0x00,0xd7,0x5f,0xff}, 41},
    &Color{&color.RGBA{0x00,0xd7,0x87,0xff}, 42},
    &Color{&color.RGBA{0x00,0xd7,0xaf,0xff}, 43},
    &Color{&color.RGBA{0x00,0xd7,0xd7,0xff}, 44},
    &Color{&color.RGBA{0x00,0xd7,0xff,0xff}, 45},
    &Color{&color.RGBA{0x00,0xff,0x00,0xff}, 46},
    &Color{&color.RGBA{0x00,0xff,0x5f,0xff}, 47},
    &Color{&color.RGBA{0x00,0xff,0x87,0xff}, 48},
    &Color{&color.RGBA{0x00,0xff,0xaf,0xff}, 49},
    &Color{&color.RGBA{0x00,0xff,0xd7,0xff}, 50},
    &Color{&color.RGBA{0x00,0xff,0xff,0xff}, 51},
    &Color{&color.RGBA{0x5f,0x00,0x00,0xff}, 52},
    &Color{&color.RGBA{0x5f,0x00,0x5f,0xff}, 53},
    &Color{&color.RGBA{0x5f,0x00,0x87,0xff}, 54},
    &Color{&color.RGBA{0x5f,0x00,0xaf,0xff}, 55},
    &Color{&color.RGBA{0x5f,0x00,0xd7,0xff}, 56},
    &Color{&color.RGBA{0x5f,0x00,0xff,0xff}, 57},
    &Color{&color.RGBA{0x5f,0x5f,0x00,0xff}, 58},
    &Color{&color.RGBA{0x5f,0x5f,0x5f,0xff}, 59},
    &Color{&color.RGBA{0x5f,0x5f,0x87,0xff}, 60},
    &Color{&color.RGBA{0x5f,0x5f,0xaf,0xff}, 61},
    &Color{&color.RGBA{0x5f,0x5f,0xd7,0xff}, 62},
    &Color{&color.RGBA{0x5f,0x5f,0xff,0xff}, 63},
    &Color{&color.RGBA{0x5f,0x87,0x00,0xff}, 64},
    &Color{&color.RGBA{0x5f,0x87,0x5f,0xff}, 65},
    &Color{&color.RGBA{0x5f,0x87,0x87,0xff}, 66},
    &Color{&color.RGBA{0x5f,0x87,0xaf,0xff}, 67},
    &Color{&color.RGBA{0x5f,0x87,0xd7,0xff}, 68},
    &Color{&color.RGBA{0x5f,0x87,0xff,0xff}, 69},
    &Color{&color.RGBA{0x5f,0xaf,0x00,0xff}, 70},
    &Color{&color.RGBA{0x5f,0xaf,0x5f,0xff}, 71},
    &Color{&color.RGBA{0x5f,0xaf,0x87,0xff}, 72},
    &Color{&color.RGBA{0x5f,0xaf,0xaf,0xff}, 73},
    &Color{&color.RGBA{0x5f,0xaf,0xd7,0xff}, 74},
    &Color{&color.RGBA{0x5f,0xaf,0xff,0xff}, 75},
    &Color{&color.RGBA{0x5f,0xd7,0x00,0xff}, 76},
    &Color{&color.RGBA{0x5f,0xd7,0x5f,0xff}, 77},
    &Color{&color.RGBA{0x5f,0xd7,0x87,0xff}, 78},
    &Color{&color.RGBA{0x5f,0xd7,0xaf,0xff}, 79},
    &Color{&color.RGBA{0x5f,0xd7,0xd7,0xff}, 80},
    &Color{&color.RGBA{0x5f,0xd7,0xff,0xff}, 81},
    &Color{&color.RGBA{0x5f,0xff,0x00,0xff}, 82},
    &Color{&color.RGBA{0x5f,0xff,0x5f,0xff}, 83},
    &Color{&color.RGBA{0x5f,0xff,0x87,0xff}, 84},
    &Color{&color.RGBA{0x5f,0xff,0xaf,0xff}, 85},
    &Color{&color.RGBA{0x5f,0xff,0xd7,0xff}, 86},
    &Color{&color.RGBA{0x5f,0xff,0xff,0xff}, 87},
    &Color{&color.RGBA{0x87,0x00,0x00,0xff}, 88},
    &Color{&color.RGBA{0x87,0x00,0x5f,0xff}, 89},
    &Color{&color.RGBA{0x87,0x00,0x87,0xff}, 90},
    &Color{&color.RGBA{0x87,0x00,0xaf,0xff}, 91},
    &Color{&color.RGBA{0x87,0x00,0xd7,0xff}, 92},
    &Color{&color.RGBA{0x87,0x00,0xff,0xff}, 93},
    &Color{&color.RGBA{0x87,0x5f,0x00,0xff}, 94},
    &Color{&color.RGBA{0x87,0x5f,0x5f,0xff}, 95},
    &Color{&color.RGBA{0x87,0x5f,0x87,0xff}, 96},
    &Color{&color.RGBA{0x87,0x5f,0xaf,0xff}, 97},
    &Color{&color.RGBA{0x87,0x5f,0xd7,0xff}, 98},
    &Color{&color.RGBA{0x87,0x5f,0xff,0xff}, 99},
    &Color{&color.RGBA{0x87,0x87,0x00,0xff}, 100},
    &Color{&color.RGBA{0x87,0x87,0x5f,0xff}, 101},
    &Color{&color.RGBA{0x87,0x87,0x87,0xff}, 102},
    &Color{&color.RGBA{0x87,0x87,0xaf,0xff}, 103},
    &Color{&color.RGBA{0x87,0x87,0xd7,0xff}, 104},
    &Color{&color.RGBA{0x87,0x87,0xff,0xff}, 105},
    &Color{&color.RGBA{0x87,0xaf,0x00,0xff}, 106},
    &Color{&color.RGBA{0x87,0xaf,0x5f,0xff}, 107},
    &Color{&color.RGBA{0x87,0xaf,0x87,0xff}, 108},
    &Color{&color.RGBA{0x87,0xaf,0xaf,0xff}, 109},
    &Color{&color.RGBA{0x87,0xaf,0xd7,0xff}, 110},
    &Color{&color.RGBA{0x87,0xaf,0xff,0xff}, 111},
    &Color{&color.RGBA{0x87,0xd7,0x00,0xff}, 112},
    &Color{&color.RGBA{0x87,0xd7,0x5f,0xff}, 113},
    &Color{&color.RGBA{0x87,0xd7,0x87,0xff}, 114},
    &Color{&color.RGBA{0x87,0xd7,0xaf,0xff}, 115},
    &Color{&color.RGBA{0x87,0xd7,0xd7,0xff}, 116},
    &Color{&color.RGBA{0x87,0xd7,0xff,0xff}, 117},
    &Color{&color.RGBA{0x87,0xff,0x00,0xff}, 118},
    &Color{&color.RGBA{0x87,0xff,0x5f,0xff}, 119},
    &Color{&color.RGBA{0x87,0xff,0x87,0xff}, 120},
    &Color{&color.RGBA{0x87,0xff,0xaf,0xff}, 121},
    &Color{&color.RGBA{0x87,0xff,0xd7,0xff}, 122},
    &Color{&color.RGBA{0x87,0xff,0xff,0xff}, 123},
    &Color{&color.RGBA{0xaf,0x00,0x00,0xff}, 124},
    &Color{&color.RGBA{0xaf,0x00,0x5f,0xff}, 125},
    &Color{&color.RGBA{0xaf,0x00,0x87,0xff}, 126},
    &Color{&color.RGBA{0xaf,0x00,0xaf,0xff}, 127},
    &Color{&color.RGBA{0xaf,0x00,0xd7,0xff}, 128},
    &Color{&color.RGBA{0xaf,0x00,0xff,0xff}, 129},
    &Color{&color.RGBA{0xaf,0x5f,0x00,0xff}, 130},
    &Color{&color.RGBA{0xaf,0x5f,0x5f,0xff}, 131},
    &Color{&color.RGBA{0xaf,0x5f,0x87,0xff}, 132},
    &Color{&color.RGBA{0xaf,0x5f,0xaf,0xff}, 133},
    &Color{&color.RGBA{0xaf,0x5f,0xd7,0xff}, 134},
    &Color{&color.RGBA{0xaf,0x5f,0xff,0xff}, 135},
    &Color{&color.RGBA{0xaf,0x87,0x00,0xff}, 136},
    &Color{&color.RGBA{0xaf,0x87,0x5f,0xff}, 137},
    &Color{&color.RGBA{0xaf,0x87,0x87,0xff}, 138},
    &Color{&color.RGBA{0xaf,0x87,0xaf,0xff}, 139},
    &Color{&color.RGBA{0xaf,0x87,0xd7,0xff}, 140},
    &Color{&color.RGBA{0xaf,0x87,0xff,0xff}, 141},
    &Color{&color.RGBA{0xaf,0xaf,0x00,0xff}, 142},
    &Color{&color.RGBA{0xaf,0xaf,0x5f,0xff}, 143},
    &Color{&color.RGBA{0xaf,0xaf,0x87,0xff}, 144},
    &Color{&color.RGBA{0xaf,0xaf,0xaf,0xff}, 145},
    &Color{&color.RGBA{0xaf,0xaf,0xd7,0xff}, 146},
    &Color{&color.RGBA{0xaf,0xaf,0xff,0xff}, 147},
    &Color{&color.RGBA{0xaf,0xd7,0x00,0xff}, 148},
    &Color{&color.RGBA{0xaf,0xd7,0x5f,0xff}, 149},
    &Color{&color.RGBA{0xaf,0xd7,0x87,0xff}, 150},
    &Color{&color.RGBA{0xaf,0xd7,0xaf,0xff}, 151},
    &Color{&color.RGBA{0xaf,0xd7,0xd7,0xff}, 152},
    &Color{&color.RGBA{0xaf,0xd7,0xff,0xff}, 153},
    &Color{&color.RGBA{0xaf,0xff,0x00,0xff}, 154},
    &Color{&color.RGBA{0xaf,0xff,0x5f,0xff}, 155},
    &Color{&color.RGBA{0xaf,0xff,0x87,0xff}, 156},
    &Color{&color.RGBA{0xaf,0xff,0xaf,0xff}, 157},
    &Color{&color.RGBA{0xaf,0xff,0xd7,0xff}, 158},
    &Color{&color.RGBA{0xaf,0xff,0xff,0xff}, 159},
    &Color{&color.RGBA{0xd7,0x00,0x00,0xff}, 160},
    &Color{&color.RGBA{0xd7,0x00,0x5f,0xff}, 161},
    &Color{&color.RGBA{0xd7,0x00,0x87,0xff}, 162},
    &Color{&color.RGBA{0xd7,0x00,0xaf,0xff}, 163},
    &Color{&color.RGBA{0xd7,0x00,0xd7,0xff}, 164},
    &Color{&color.RGBA{0xd7,0x00,0xff,0xff}, 165},
    &Color{&color.RGBA{0xd7,0x5f,0x00,0xff}, 166},
    &Color{&color.RGBA{0xd7,0x5f,0x5f,0xff}, 167},
    &Color{&color.RGBA{0xd7,0x5f,0x87,0xff}, 168},
    &Color{&color.RGBA{0xd7,0x5f,0xaf,0xff}, 169},
    &Color{&color.RGBA{0xd7,0x5f,0xd7,0xff}, 170},
    &Color{&color.RGBA{0xd7,0x5f,0xff,0xff}, 171},
    &Color{&color.RGBA{0xd7,0x87,0x00,0xff}, 172},
    &Color{&color.RGBA{0xd7,0x87,0x5f,0xff}, 173},
    &Color{&color.RGBA{0xd7,0x87,0x87,0xff}, 174},
    &Color{&color.RGBA{0xd7,0x87,0xaf,0xff}, 175},
    &Color{&color.RGBA{0xd7,0x87,0xd7,0xff}, 176},
    &Color{&color.RGBA{0xd7,0x87,0xff,0xff}, 177},
    &Color{&color.RGBA{0xd7,0xaf,0x00,0xff}, 178},
    &Color{&color.RGBA{0xd7,0xaf,0x5f,0xff}, 179},
    &Color{&color.RGBA{0xd7,0xaf,0x87,0xff}, 180},
    &Color{&color.RGBA{0xd7,0xaf,0xaf,0xff}, 181},
    &Color{&color.RGBA{0xd7,0xaf,0xd7,0xff}, 182},
    &Color{&color.RGBA{0xd7,0xaf,0xff,0xff}, 183},
    &Color{&color.RGBA{0xd7,0xd7,0x00,0xff}, 184},
    &Color{&color.RGBA{0xd7,0xd7,0x5f,0xff}, 185},
    &Color{&color.RGBA{0xd7,0xd7,0x87,0xff}, 186},
    &Color{&color.RGBA{0xd7,0xd7,0xaf,0xff}, 187},
    &Color{&color.RGBA{0xd7,0xd7,0xd7,0xff}, 188},
    &Color{&color.RGBA{0xd7,0xd7,0xff,0xff}, 189},
    &Color{&color.RGBA{0xd7,0xff,0x00,0xff}, 190},
    &Color{&color.RGBA{0xd7,0xff,0x5f,0xff}, 191},
    &Color{&color.RGBA{0xd7,0xff,0x87,0xff}, 192},
    &Color{&color.RGBA{0xd7,0xff,0xaf,0xff}, 193},
    &Color{&color.RGBA{0xd7,0xff,0xd7,0xff}, 194},
    &Color{&color.RGBA{0xd7,0xff,0xff,0xff}, 195},
    &Color{&color.RGBA{0xff,0x00,0x00,0xff}, 196},
    &Color{&color.RGBA{0xff,0x00,0x5f,0xff}, 197},
    &Color{&color.RGBA{0xff,0x00,0x87,0xff}, 198},
    &Color{&color.RGBA{0xff,0x00,0xaf,0xff}, 199},
    &Color{&color.RGBA{0xff,0x00,0xd7,0xff}, 200},
    &Color{&color.RGBA{0xff,0x00,0xff,0xff}, 201},
    &Color{&color.RGBA{0xff,0x5f,0x00,0xff}, 202},
    &Color{&color.RGBA{0xff,0x5f,0x5f,0xff}, 203},
    &Color{&color.RGBA{0xff,0x5f,0x87,0xff}, 204},
    &Color{&color.RGBA{0xff,0x5f,0xaf,0xff}, 205},
    &Color{&color.RGBA{0xff,0x5f,0xd7,0xff}, 206},
    &Color{&color.RGBA{0xff,0x5f,0xff,0xff}, 207},
    &Color{&color.RGBA{0xff,0x87,0x00,0xff}, 208},
    &Color{&color.RGBA{0xff,0x87,0x5f,0xff}, 209},
    &Color{&color.RGBA{0xff,0x87,0x87,0xff}, 210},
    &Color{&color.RGBA{0xff,0x87,0xaf,0xff}, 211},
    &Color{&color.RGBA{0xff,0x87,0xd7,0xff}, 212},
    &Color{&color.RGBA{0xff,0x87,0xff,0xff}, 213},
    &Color{&color.RGBA{0xff,0xaf,0x00,0xff}, 214},
    &Color{&color.RGBA{0xff,0xaf,0x5f,0xff}, 215},
    &Color{&color.RGBA{0xff,0xaf,0x87,0xff}, 216},
    &Color{&color.RGBA{0xff,0xaf,0xaf,0xff}, 217},
    &Color{&color.RGBA{0xff,0xaf,0xd7,0xff}, 218},
    &Color{&color.RGBA{0xff,0xaf,0xff,0xff}, 219},
    &Color{&color.RGBA{0xff,0xd7,0x00,0xff}, 220},
    &Color{&color.RGBA{0xff,0xd7,0x5f,0xff}, 221},
    &Color{&color.RGBA{0xff,0xd7,0x87,0xff}, 222},
    &Color{&color.RGBA{0xff,0xd7,0xaf,0xff}, 223},
    &Color{&color.RGBA{0xff,0xd7,0xd7,0xff}, 224},
    &Color{&color.RGBA{0xff,0xd7,0xff,0xff}, 225},
    &Color{&color.RGBA{0xff,0xff,0x00,0xff}, 226},
    &Color{&color.RGBA{0xff,0xff,0x5f,0xff}, 227},
    &Color{&color.RGBA{0xff,0xff,0x87,0xff}, 228},
    &Color{&color.RGBA{0xff,0xff,0xaf,0xff}, 229},
    &Color{&color.RGBA{0xff,0xff,0xd7,0xff}, 230},
    &Color{&color.RGBA{0xff,0xff,0xff,0xff}, 231},
    // grayscale: 233-255
    &Color{&color.RGBA{0x08,0x08,0x08,0xff}, 232},
    &Color{&color.RGBA{0x12,0x12,0x12,0xff}, 233},
    &Color{&color.RGBA{0x1c,0x1c,0x1c,0xff}, 234},
    &Color{&color.RGBA{0x26,0x26,0x26,0xff}, 235},
    &Color{&color.RGBA{0x30,0x30,0x30,0xff}, 236},
    &Color{&color.RGBA{0x3a,0x3a,0x3a,0xff}, 237},
    &Color{&color.RGBA{0x44,0x44,0x44,0xff}, 238},
    &Color{&color.RGBA{0x4e,0x4e,0x4e,0xff}, 239},
    &Color{&color.RGBA{0x58,0x58,0x58,0xff}, 240},
    &Color{&color.RGBA{0x62,0x62,0x62,0xff}, 241},
    &Color{&color.RGBA{0x6c,0x6c,0x6c,0xff}, 242},
    &Color{&color.RGBA{0x76,0x76,0x76,0xff}, 243},
    &Color{&color.RGBA{0x80,0x80,0x80,0xff}, 244},
    &Color{&color.RGBA{0x8a,0x8a,0x8a,0xff}, 245},
    &Color{&color.RGBA{0x94,0x94,0x94,0xff}, 246},
    &Color{&color.RGBA{0x9e,0x9e,0x9e,0xff}, 247},
    &Color{&color.RGBA{0xa8,0xa8,0xa8,0xff}, 248},
    &Color{&color.RGBA{0xb2,0xb2,0xb2,0xff}, 249},
    &Color{&color.RGBA{0xbc,0xbc,0xbc,0xff}, 250},
    &Color{&color.RGBA{0xc6,0xc6,0xc6,0xff}, 251},
    &Color{&color.RGBA{0xd0,0xd0,0xd0,0xff}, 252},
    &Color{&color.RGBA{0xda,0xda,0xda,0xff}, 253},
    &Color{&color.RGBA{0xe4,0xe4,0xe4,0xff}, 254},
    &Color{&color.RGBA{0xee,0xee,0xee,0xff}, 255},
    // transparent: 256
    &Color{&color.RGBA{0x00,0x00,0x00,0x00}, -1},
}
