var MapSVG2ANSI = map[string]ansirgb.Color{
    "lavenderblush":        ansirgb.Color{Color:color.RGBA{0xff,0xff,0xff,0xff}, Code:231},
    "palegreen":            ansirgb.Color{Color:color.RGBA{0x87,0x87,0xff,0xff}, Code:120},
    "chartreuse":           ansirgb.Color{Color:color.RGBA{0x87,0x0,0xff,0xff}, Code:118},
    "firebrick":            ansirgb.Color{Color:color.RGBA{0xaf,0x0,0x0,0xff}, Code:124},
    "darkorchid":           ansirgb.Color{Color:color.RGBA{0x87,0xd7,0x5f,0xff}, Code:98},
    "ivory":                ansirgb.Color{Color:color.RGBA{0xff,0xff,0xff,0xff}, Code:231},
    "midnightblue":         ansirgb.Color{Color:color.RGBA{0x0,0x5f,0x0,0xff}, Code:17},
    "beige":                ansirgb.Color{Color:color.RGBA{0xff,0xd7,0xff,0xff}, Code:230},
    "darkblue":             ansirgb.Color{Color:color.RGBA{0x0,0x87,0x0,0xff}, Code:18},
    "thistle":              ansirgb.Color{Color:color.RGBA{0xd7,0xd7,0xaf,0xff}, Code:182},
    "honeydew":             ansirgb.Color{Color:color.RGBA{0xee,0xee,0xee,0xff}, Code:255},
    "orange":               ansirgb.Color{Color:color.RGBA{0xff,0x0,0xaf,0xff}, Code:214},
    "darkgreen":            ansirgb.Color{Color:color.RGBA{0x0,0x0,0x5f,0xff}, Code:22},
    "mediumspringgreen":    ansirgb.Color{Color:color.RGBA{0x0,0x87,0xff,0xff}, Code:48},
    "steelblue":            ansirgb.Color{Color:color.RGBA{0x5f,0xaf,0x87,0xff}, Code:67},
    "chocolate":            ansirgb.Color{Color:color.RGBA{0xd7,0x0,0x5f,0xff}, Code:166},
    "cyan":                 ansirgb.Color{Color:color.RGBA{0x0,0xff,0xff,0xff}, Code:51},
    "fuchsia":              ansirgb.Color{Color:color.RGBA{0xff,0xff,0x0,0xff}, Code:201},
    "lawngreen":            ansirgb.Color{Color:color.RGBA{0x87,0x0,0xff,0xff}, Code:118},
    "bisque":               ansirgb.Color{Color:color.RGBA{0xff,0xd7,0xd7,0xff}, Code:224},
    "darkslategray":        ansirgb.Color{Color:color.RGBA{0x44,0x44,0x44,0xff}, Code:238},
    "peachpuff":            ansirgb.Color{Color:color.RGBA{0xff,0xaf,0xd7,0xff}, Code:223},
    "yellow":               ansirgb.Color{Color:color.RGBA{0xff,0x0,0xff,0xff}, Code:226},
    "lightskyblue":         ansirgb.Color{Color:color.RGBA{0x87,0xff,0xd7,0xff}, Code:117},
    "mediumorchid":         ansirgb.Color{Color:color.RGBA{0xaf,0xd7,0x5f,0xff}, Code:134},
    "darkmagenta":          ansirgb.Color{Color:color.RGBA{0x87,0x87,0x0,0xff}, Code:90},
    "lavender":             ansirgb.Color{Color:color.RGBA{0xee,0xee,0xee,0xff}, Code:255},
    "palegoldenrod":        ansirgb.Color{Color:color.RGBA{0xff,0xaf,0xd7,0xff}, Code:223},
    "red":                  ansirgb.Color{Color:color.RGBA{0xff,0x0,0x0,0xff}, Code:196},
    "turquoise":            ansirgb.Color{Color:color.RGBA{0x5f,0xd7,0xd7,0xff}, Code:80},
    "darkgrey":             ansirgb.Color{Color:color.RGBA{0xa8,0xa8,0xa8,0xff}, Code:248},
    "gray":                 ansirgb.Color{Color:color.RGBA{0x80,0x80,0x80,0xff}, Code:244},
    "olivedrab":            ansirgb.Color{Color:color.RGBA{0x5f,0x0,0x87,0xff}, Code:64},
    "purple":               ansirgb.Color{Color:color.RGBA{0x87,0x87,0x0,0xff}, Code:90},
    "rosybrown":            ansirgb.Color{Color:color.RGBA{0xaf,0x87,0x87,0xff}, Code:138},
    "seagreen":             ansirgb.Color{Color:color.RGBA{0x0,0x5f,0x87,0xff}, Code:29},
    "tomato":               ansirgb.Color{Color:color.RGBA{0xff,0x5f,0x5f,0xff}, Code:203},
    "lightyellow":          ansirgb.Color{Color:color.RGBA{0xff,0xd7,0xff,0xff}, Code:230},
    "mintcream":            ansirgb.Color{Color:color.RGBA{0xff,0xff,0xff,0xff}, Code:231},
    "lime":                 ansirgb.Color{Color:color.RGBA{0x0,0x0,0xff,0xff}, Code:46},
    "mediumseagreen":       ansirgb.Color{Color:color.RGBA{0x5f,0x5f,0xaf,0xff}, Code:71},
    "paleturquoise":        ansirgb.Color{Color:color.RGBA{0xaf,0xff,0xff,0xff}, Code:159},
    "cornflowerblue":       ansirgb.Color{Color:color.RGBA{0x5f,0xff,0x87,0xff}, Code:69},
    "dodgerblue":           ansirgb.Color{Color:color.RGBA{0x0,0xff,0x87,0xff}, Code:33},
    "mediumturquoise":      ansirgb.Color{Color:color.RGBA{0x5f,0xd7,0xd7,0xff}, Code:80},
    "darkgray":             ansirgb.Color{Color:color.RGBA{0xa8,0xa8,0xa8,0xff}, Code:248},
    "indianred":            ansirgb.Color{Color:color.RGBA{0xd7,0x5f,0x5f,0xff}, Code:167},
    "lightgrey":            ansirgb.Color{Color:color.RGBA{0xd0,0xd0,0xd0,0xff}, Code:252},
    "mediumblue":           ansirgb.Color{Color:color.RGBA{0x0,0xd7,0x0,0xff}, Code:20},
    "navy":                 ansirgb.Color{Color:color.RGBA{0x0,0x87,0x0,0xff}, Code:18},
    "darkseagreen":         ansirgb.Color{Color:color.RGBA{0x87,0x87,0xaf,0xff}, Code:108},
    "lightblue":            ansirgb.Color{Color:color.RGBA{0xaf,0xd7,0xd7,0xff}, Code:152},
    "mediumpurple":         ansirgb.Color{Color:color.RGBA{0x87,0xd7,0x5f,0xff}, Code:98},
    "oldlace":              ansirgb.Color{Color:color.RGBA{0xff,0xd7,0xff,0xff}, Code:230},
    "orchid":               ansirgb.Color{Color:color.RGBA{0xd7,0xd7,0x5f,0xff}, Code:170},
    "plum":                 ansirgb.Color{Color:color.RGBA{0xd7,0xd7,0xaf,0xff}, Code:182},
    "skyblue":              ansirgb.Color{Color:color.RGBA{0x87,0xd7,0xd7,0xff}, Code:116},
    "dimgray":              ansirgb.Color{Color:color.RGBA{0x6c,0x6c,0x6c,0xff}, Code:242},
    "navajowhite":          ansirgb.Color{Color:color.RGBA{0xff,0xaf,0xd7,0xff}, Code:223},
    "mediumaquamarine":     ansirgb.Color{Color:color.RGBA{0x5f,0xaf,0xd7,0xff}, Code:79},
    "darkturquoise":        ansirgb.Color{Color:color.RGBA{0x0,0xd7,0xd7,0xff}, Code:44},
    "forestgreen":          ansirgb.Color{Color:color.RGBA{0x0,0x0,0x87,0xff}, Code:28},
    "lightslategray":       ansirgb.Color{Color:color.RGBA{0x87,0x87,0x87,0xff}, Code:102},
    "slategray":            ansirgb.Color{Color:color.RGBA{0x5f,0x87,0x87,0xff}, Code:66},
    "slategrey":            ansirgb.Color{Color:color.RGBA{0x5f,0x87,0x87,0xff}, Code:66},
    "crimson":              ansirgb.Color{Color:color.RGBA{0xd7,0x5f,0x0,0xff}, Code:161},
    "darkred":              ansirgb.Color{Color:color.RGBA{0x87,0x0,0x0,0xff}, Code:88},
    "lightpink":            ansirgb.Color{Color:color.RGBA{0xff,0xaf,0xaf,0xff}, Code:217},
    "lightseagreen":        ansirgb.Color{Color:color.RGBA{0x0,0xaf,0xaf,0xff}, Code:37},
    "orangered":            ansirgb.Color{Color:color.RGBA{0xff,0x0,0x5f,0xff}, Code:202},
    "peru":                 ansirgb.Color{Color:color.RGBA{0xd7,0x5f,0x87,0xff}, Code:173},
    "snow":                 ansirgb.Color{Color:color.RGBA{0xff,0xff,0xff,0xff}, Code:231},
    "aqua":                 ansirgb.Color{Color:color.RGBA{0x0,0xff,0xff,0xff}, Code:51},
    "lightcyan":            ansirgb.Color{Color:color.RGBA{0xd7,0xff,0xff,0xff}, Code:195},
    "linen":                ansirgb.Color{Color:color.RGBA{0xee,0xee,0xee,0xff}, Code:255},
    "maroon":               ansirgb.Color{Color:color.RGBA{0x87,0x0,0x0,0xff}, Code:88},
    "whitesmoke":           ansirgb.Color{Color:color.RGBA{0xee,0xee,0xee,0xff}, Code:255},
    "darkgoldenrod":        ansirgb.Color{Color:color.RGBA{0xaf,0x0,0x87,0xff}, Code:136},
    "lightsteelblue":       ansirgb.Color{Color:color.RGBA{0xaf,0xd7,0xd7,0xff}, Code:152},
    "gold":                 ansirgb.Color{Color:color.RGBA{0xff,0x0,0xd7,0xff}, Code:220},
    "hotpink":              ansirgb.Color{Color:color.RGBA{0xff,0xaf,0x5f,0xff}, Code:205},
    "mediumslateblue":      ansirgb.Color{Color:color.RGBA{0x87,0xff,0x5f,0xff}, Code:99},
    "blanchedalmond":       ansirgb.Color{Color:color.RGBA{0xff,0xd7,0xd7,0xff}, Code:224},
    "blue":                 ansirgb.Color{Color:color.RGBA{0x0,0xff,0x0,0xff}, Code:21},
    "springgreen":          ansirgb.Color{Color:color.RGBA{0x0,0x87,0xff,0xff}, Code:48},
    "darkcyan":             ansirgb.Color{Color:color.RGBA{0x0,0x87,0x87,0xff}, Code:30},
    "olive":                ansirgb.Color{Color:color.RGBA{0x87,0x0,0x87,0xff}, Code:100},
    "deeppink":             ansirgb.Color{Color:color.RGBA{0xff,0x87,0x0,0xff}, Code:198},
    "palevioletred":        ansirgb.Color{Color:color.RGBA{0xd7,0x87,0x5f,0xff}, Code:168},
    "pink":                 ansirgb.Color{Color:color.RGBA{0xff,0xd7,0xaf,0xff}, Code:218},
    "powderblue":           ansirgb.Color{Color:color.RGBA{0xaf,0xd7,0xd7,0xff}, Code:152},
    "royalblue":            ansirgb.Color{Color:color.RGBA{0x5f,0xd7,0x5f,0xff}, Code:62},
    "black":                ansirgb.Color{Color:color.RGBA{0x0,0x0,0x0,0xff}, Code:16},
    "darkslategrey":        ansirgb.Color{Color:color.RGBA{0x44,0x44,0x44,0xff}, Code:238},
    "floralwhite":          ansirgb.Color{Color:color.RGBA{0xff,0xff,0xff,0xff}, Code:231},
    "lemonchiffon":         ansirgb.Color{Color:color.RGBA{0xff,0xd7,0xff,0xff}, Code:230},
    "green":                ansirgb.Color{Color:color.RGBA{0x0,0x0,0x87,0xff}, Code:28},
    "lightsalmon":          ansirgb.Color{Color:color.RGBA{0xff,0x87,0xaf,0xff}, Code:216},
    "mistyrose":            ansirgb.Color{Color:color.RGBA{0xff,0xd7,0xd7,0xff}, Code:224},
    "saddlebrown":          ansirgb.Color{Color:color.RGBA{0x87,0x0,0x5f,0xff}, Code:94},
    "sandybrown":           ansirgb.Color{Color:color.RGBA{0xff,0x5f,0xaf,0xff}, Code:215},
    "silver":               ansirgb.Color{Color:color.RGBA{0xbc,0xbc,0xbc,0xff}, Code:250},
    "darkviolet":           ansirgb.Color{Color:color.RGBA{0x87,0xd7,0x0,0xff}, Code:92},
    "deepskyblue":          ansirgb.Color{Color:color.RGBA{0x0,0xff,0xaf,0xff}, Code:39},
    "khaki":                ansirgb.Color{Color:color.RGBA{0xff,0x87,0xd7,0xff}, Code:222},
    "lightgray":            ansirgb.Color{Color:color.RGBA{0xd0,0xd0,0xd0,0xff}, Code:252},
    "mediumvioletred":      ansirgb.Color{Color:color.RGBA{0xd7,0x87,0x0,0xff}, Code:162},
    "teal":                 ansirgb.Color{Color:color.RGBA{0x0,0x87,0x87,0xff}, Code:30},
    "darkolivegreen":       ansirgb.Color{Color:color.RGBA{0x4e,0x4e,0x4e,0xff}, Code:239},
    "darkorange":           ansirgb.Color{Color:color.RGBA{0xff,0x0,0x87,0xff}, Code:208},
    "indigo":               ansirgb.Color{Color:color.RGBA{0x5f,0x87,0x0,0xff}, Code:54},
    "salmon":               ansirgb.Color{Color:color.RGBA{0xff,0x5f,0x87,0xff}, Code:209},
    "tan":                  ansirgb.Color{Color:color.RGBA{0xd7,0x87,0xaf,0xff}, Code:180},
    "aquamarine":           ansirgb.Color{Color:color.RGBA{0x87,0xd7,0xff,0xff}, Code:122},
    "darkkhaki":            ansirgb.Color{Color:color.RGBA{0xaf,0x5f,0xaf,0xff}, Code:143},
    "limegreen":            ansirgb.Color{Color:color.RGBA{0x5f,0x5f,0xd7,0xff}, Code:77},
    "magenta":              ansirgb.Color{Color:color.RGBA{0xff,0xff,0x0,0xff}, Code:201},
    "violet":               ansirgb.Color{Color:color.RGBA{0xff,0xff,0x87,0xff}, Code:213},
    "grey":                 ansirgb.Color{Color:color.RGBA{0x80,0x80,0x80,0xff}, Code:244},
    "lightgoldenrodyellow": ansirgb.Color{Color:color.RGBA{0xff,0xd7,0xff,0xff}, Code:230},
    "goldenrod":            ansirgb.Color{Color:color.RGBA{0xd7,0x0,0xaf,0xff}, Code:178},
    "greenyellow":          ansirgb.Color{Color:color.RGBA{0xaf,0x0,0xff,0xff}, Code:154},
    "lightgreen":           ansirgb.Color{Color:color.RGBA{0x87,0x87,0xff,0xff}, Code:120},
    "lightslategrey":       ansirgb.Color{Color:color.RGBA{0x87,0x87,0x87,0xff}, Code:102},
    "seashell":             ansirgb.Color{Color:color.RGBA{0xee,0xee,0xee,0xff}, Code:255},
    "slateblue":            ansirgb.Color{Color:color.RGBA{0x5f,0xd7,0x5f,0xff}, Code:62},
    "coral":                ansirgb.Color{Color:color.RGBA{0xff,0x5f,0x87,0xff}, Code:209},
    "ghostwhite":           ansirgb.Color{Color:color.RGBA{0xff,0xff,0xff,0xff}, Code:231},
    "wheat":                ansirgb.Color{Color:color.RGBA{0xff,0xaf,0xd7,0xff}, Code:223},
    "burlywood":            ansirgb.Color{Color:color.RGBA{0xd7,0x87,0xaf,0xff}, Code:180},
    "blueviolet":           ansirgb.Color{Color:color.RGBA{0x87,0xd7,0x0,0xff}, Code:92},
    "moccasin":             ansirgb.Color{Color:color.RGBA{0xff,0xaf,0xd7,0xff}, Code:223},
    "papayawhip":           ansirgb.Color{Color:color.RGBA{0xff,0xd7,0xff,0xff}, Code:230},
    "white":                ansirgb.Color{Color:color.RGBA{0xff,0xff,0xff,0xff}, Code:231},
    "yellowgreen":          ansirgb.Color{Color:color.RGBA{0x87,0x5f,0xd7,0xff}, Code:113},
    "cadetblue":            ansirgb.Color{Color:color.RGBA{0x5f,0xaf,0xaf,0xff}, Code:73},
    "darksalmon":           ansirgb.Color{Color:color.RGBA{0xd7,0x87,0x87,0xff}, Code:174},
    "darkslateblue":        ansirgb.Color{Color:color.RGBA{0x5f,0x87,0x5f,0xff}, Code:60},
    "brown":                ansirgb.Color{Color:color.RGBA{0xaf,0x0,0x0,0xff}, Code:124},
    "cornsilk":             ansirgb.Color{Color:color.RGBA{0xff,0xd7,0xff,0xff}, Code:230},
    "azure":                ansirgb.Color{Color:color.RGBA{0xff,0xff,0xff,0xff}, Code:231},
    "dimgrey":              ansirgb.Color{Color:color.RGBA{0x6c,0x6c,0x6c,0xff}, Code:242},
    "gainsboro":            ansirgb.Color{Color:color.RGBA{0xda,0xda,0xda,0xff}, Code:253},
    "lightcoral":           ansirgb.Color{Color:color.RGBA{0xff,0x87,0x87,0xff}, Code:210},
    "sienna":               ansirgb.Color{Color:color.RGBA{0xaf,0x0,0x5f,0xff}, Code:130},
    "aliceblue":            ansirgb.Color{Color:color.RGBA{0xff,0xff,0xff,0xff}, Code:231},
    "antiquewhite":         ansirgb.Color{Color:color.RGBA{0xff,0xd7,0xd7,0xff}, Code:224},
}
