var SVG2ANSImap = map[string]ansirgb.Color{
    "indianred":ansirgb.Color{Color:color.RGBA{0xd7,0x5f,0x5f,0xff}, Code:167},
    "red":ansirgb.Color{Color:color.RGBA{0xff,0x0,0x0,0xff}, Code:196},
    "slategray":ansirgb.Color{Color:color.RGBA{0x5f,0x87,0x87,0xff}, Code:66},
    "cadetblue":ansirgb.Color{Color:color.RGBA{0x5f,0xaf,0xaf,0xff}, Code:73},
    "chartreuse":ansirgb.Color{Color:color.RGBA{0x87,0x0,0xff,0xff}, Code:118},
    "darkgoldenrod":ansirgb.Color{Color:color.RGBA{0xaf,0x0,0x87,0xff}, Code:136},
    "dodgerblue":ansirgb.Color{Color:color.RGBA{0x0,0xff,0x87,0xff}, Code:33},
    "darkslateblue":ansirgb.Color{Color:color.RGBA{0x5f,0x87,0x5f,0xff}, Code:60},
    "grey":ansirgb.Color{Color:color.RGBA{0x80,0x80,0x80,0xff}, Code:244},
    "lemonchiffon":ansirgb.Color{Color:color.RGBA{0xff,0xd7,0xff,0xff}, Code:230},
    "antiquewhite":ansirgb.Color{Color:color.RGBA{0xff,0xd7,0xd7,0xff}, Code:224},
    "blue":ansirgb.Color{Color:color.RGBA{0x0,0xff,0x0,0xff}, Code:21},
    "blueviolet":ansirgb.Color{Color:color.RGBA{0x87,0xd7,0x0,0xff}, Code:92},
    "coral":ansirgb.Color{Color:color.RGBA{0xff,0x5f,0x87,0xff}, Code:209},
    "navy":ansirgb.Color{Color:color.RGBA{0x0,0x87,0x0,0xff}, Code:18},
    "snow":ansirgb.Color{Color:color.RGBA{0xff,0xff,0xff,0xff}, Code:231},
    "black":ansirgb.Color{Color:color.RGBA{0x0,0x0,0x0,0xff}, Code:16},
    "darkcyan":ansirgb.Color{Color:color.RGBA{0x0,0x87,0x87,0xff}, Code:30},
    "lightcyan":ansirgb.Color{Color:color.RGBA{0xd7,0xff,0xff,0xff}, Code:195},
    "lightgrey":ansirgb.Color{Color:color.RGBA{0xd0,0xd0,0xd0,0xff}, Code:252},
    "chocolate":ansirgb.Color{Color:color.RGBA{0xd7,0x0,0x5f,0xff}, Code:166},
    "darkorange":ansirgb.Color{Color:color.RGBA{0xff,0x0,0x87,0xff}, Code:208},
    "tan":ansirgb.Color{Color:color.RGBA{0xd7,0x87,0xaf,0xff}, Code:180},
    "thistle":ansirgb.Color{Color:color.RGBA{0xd7,0xd7,0xaf,0xff}, Code:182},
    "gray":ansirgb.Color{Color:color.RGBA{0x80,0x80,0x80,0xff}, Code:244},
    "olive":ansirgb.Color{Color:color.RGBA{0x87,0x0,0x87,0xff}, Code:100},
    "plum":ansirgb.Color{Color:color.RGBA{0xd7,0xd7,0xaf,0xff}, Code:182},
    "tomato":ansirgb.Color{Color:color.RGBA{0xff,0x5f,0x5f,0xff}, Code:203},
    "aquamarine":ansirgb.Color{Color:color.RGBA{0x87,0xd7,0xff,0xff}, Code:122},
    "azure":ansirgb.Color{Color:color.RGBA{0xff,0xff,0xff,0xff}, Code:231},
    "rosybrown":ansirgb.Color{Color:color.RGBA{0xaf,0x87,0x87,0xff}, Code:138},
    "cornflowerblue":ansirgb.Color{Color:color.RGBA{0x5f,0xff,0x87,0xff}, Code:69},
    "darkkhaki":ansirgb.Color{Color:color.RGBA{0xaf,0x5f,0xaf,0xff}, Code:143},
    "green":ansirgb.Color{Color:color.RGBA{0x0,0x0,0x87,0xff}, Code:28},
    "mediumspringgreen":ansirgb.Color{Color:color.RGBA{0x0,0x87,0xff,0xff}, Code:48},
    "darkgray":ansirgb.Color{Color:color.RGBA{0xa8,0xa8,0xa8,0xff}, Code:248},
    "lightblue":ansirgb.Color{Color:color.RGBA{0xaf,0xd7,0xd7,0xff}, Code:152},
    "lightslategrey":ansirgb.Color{Color:color.RGBA{0x87,0x87,0x87,0xff}, Code:102},
    "navajowhite":ansirgb.Color{Color:color.RGBA{0xff,0xaf,0xd7,0xff}, Code:223},
    "palegreen":ansirgb.Color{Color:color.RGBA{0x87,0x87,0xff,0xff}, Code:120},
    "mistyrose":ansirgb.Color{Color:color.RGBA{0xff,0xd7,0xd7,0xff}, Code:224},
    "blanchedalmond":ansirgb.Color{Color:color.RGBA{0xff,0xd7,0xd7,0xff}, Code:224},
    "darkviolet":ansirgb.Color{Color:color.RGBA{0x87,0xd7,0x0,0xff}, Code:92},
    "greenyellow":ansirgb.Color{Color:color.RGBA{0xaf,0x0,0xff,0xff}, Code:154},
    "mintcream":ansirgb.Color{Color:color.RGBA{0xff,0xff,0xff,0xff}, Code:231},
    "sandybrown":ansirgb.Color{Color:color.RGBA{0xff,0x5f,0xaf,0xff}, Code:215},
    "darkgrey":ansirgb.Color{Color:color.RGBA{0xa8,0xa8,0xa8,0xff}, Code:248},
    "darkturquoise":ansirgb.Color{Color:color.RGBA{0x0,0xd7,0xd7,0xff}, Code:44},
    "lime":ansirgb.Color{Color:color.RGBA{0x0,0x0,0xff,0xff}, Code:46},
    "limegreen":ansirgb.Color{Color:color.RGBA{0x5f,0x5f,0xd7,0xff}, Code:77},
    "mediumslateblue":ansirgb.Color{Color:color.RGBA{0x87,0xff,0x5f,0xff}, Code:99},
    "mediumvioletred":ansirgb.Color{Color:color.RGBA{0xd7,0x87,0x0,0xff}, Code:162},
    "peru":ansirgb.Color{Color:color.RGBA{0xd7,0x5f,0x87,0xff}, Code:173},
    "saddlebrown":ansirgb.Color{Color:color.RGBA{0x87,0x0,0x5f,0xff}, Code:94},
    "bisque":ansirgb.Color{Color:color.RGBA{0xff,0xd7,0xd7,0xff}, Code:224},
    "lawngreen":ansirgb.Color{Color:color.RGBA{0x87,0x0,0xff,0xff}, Code:118},
    "lightsteelblue":ansirgb.Color{Color:color.RGBA{0xaf,0xd7,0xd7,0xff}, Code:152},
    "lightyellow":ansirgb.Color{Color:color.RGBA{0xff,0xd7,0xff,0xff}, Code:230},
    "seagreen":ansirgb.Color{Color:color.RGBA{0x0,0x5f,0x87,0xff}, Code:29},
    "lightcoral":ansirgb.Color{Color:color.RGBA{0xff,0x87,0x87,0xff}, Code:210},
    "paleturquoise":ansirgb.Color{Color:color.RGBA{0xaf,0xff,0xff,0xff}, Code:159},
    "purple":ansirgb.Color{Color:color.RGBA{0x87,0x87,0x0,0xff}, Code:90},
    "dimgray":ansirgb.Color{Color:color.RGBA{0x6c,0x6c,0x6c,0xff}, Code:242},
    "dimgrey":ansirgb.Color{Color:color.RGBA{0x6c,0x6c,0x6c,0xff}, Code:242},
    "fuchsia":ansirgb.Color{Color:color.RGBA{0xff,0xff,0x0,0xff}, Code:201},
    "ivory":ansirgb.Color{Color:color.RGBA{0xff,0xff,0xff,0xff}, Code:231},
    "floralwhite":ansirgb.Color{Color:color.RGBA{0xff,0xff,0xff,0xff}, Code:231},
    "palegoldenrod":ansirgb.Color{Color:color.RGBA{0xff,0xaf,0xd7,0xff}, Code:223},
    "pink":ansirgb.Color{Color:color.RGBA{0xff,0xd7,0xaf,0xff}, Code:218},
    "maroon":ansirgb.Color{Color:color.RGBA{0x87,0x0,0x0,0xff}, Code:88},
    "turquoise":ansirgb.Color{Color:color.RGBA{0x5f,0xd7,0xd7,0xff}, Code:80},
    "gainsboro":ansirgb.Color{Color:color.RGBA{0xda,0xda,0xda,0xff}, Code:253},
    "honeydew":ansirgb.Color{Color:color.RGBA{0xee,0xee,0xee,0xff}, Code:255},
    "indigo":ansirgb.Color{Color:color.RGBA{0x5f,0x87,0x0,0xff}, Code:54},
    "lightgreen":ansirgb.Color{Color:color.RGBA{0x87,0x87,0xff,0xff}, Code:120},
    "steelblue":ansirgb.Color{Color:color.RGBA{0x5f,0xaf,0x87,0xff}, Code:67},
    "whitesmoke":ansirgb.Color{Color:color.RGBA{0xee,0xee,0xee,0xff}, Code:255},
    "aqua":ansirgb.Color{Color:color.RGBA{0x0,0xff,0xff,0xff}, Code:51},
    "ghostwhite":ansirgb.Color{Color:color.RGBA{0xff,0xff,0xff,0xff}, Code:231},
    "lightgoldenrodyellow":ansirgb.Color{Color:color.RGBA{0xff,0xd7,0xff,0xff}, Code:230},
    "powderblue":ansirgb.Color{Color:color.RGBA{0xaf,0xd7,0xd7,0xff}, Code:152},
    "silver":ansirgb.Color{Color:color.RGBA{0xbc,0xbc,0xbc,0xff}, Code:250},
    "burlywood":ansirgb.Color{Color:color.RGBA{0xd7,0x87,0xaf,0xff}, Code:180},
    "darksalmon":ansirgb.Color{Color:color.RGBA{0xd7,0x87,0x87,0xff}, Code:174},
    "hotpink":ansirgb.Color{Color:color.RGBA{0xff,0xaf,0x5f,0xff}, Code:205},
    "palevioletred":ansirgb.Color{Color:color.RGBA{0xd7,0x87,0x5f,0xff}, Code:168},
    "darkorchid":ansirgb.Color{Color:color.RGBA{0x87,0xd7,0x5f,0xff}, Code:98},
    "linen":ansirgb.Color{Color:color.RGBA{0xee,0xee,0xee,0xff}, Code:255},
    "yellowgreen":ansirgb.Color{Color:color.RGBA{0x87,0x5f,0xd7,0xff}, Code:113},
    "salmon":ansirgb.Color{Color:color.RGBA{0xff,0x5f,0x87,0xff}, Code:209},
    "beige":ansirgb.Color{Color:color.RGBA{0xff,0xd7,0xff,0xff}, Code:230},
    "darkgreen":ansirgb.Color{Color:color.RGBA{0x0,0x0,0x5f,0xff}, Code:22},
    "deepskyblue":ansirgb.Color{Color:color.RGBA{0x0,0xff,0xaf,0xff}, Code:39},
    "lightskyblue":ansirgb.Color{Color:color.RGBA{0x87,0xff,0xd7,0xff}, Code:117},
    "slategrey":ansirgb.Color{Color:color.RGBA{0x5f,0x87,0x87,0xff}, Code:66},
    "violet":ansirgb.Color{Color:color.RGBA{0xff,0xff,0x87,0xff}, Code:213},
    "white":ansirgb.Color{Color:color.RGBA{0xff,0xff,0xff,0xff}, Code:231},
    "aliceblue":ansirgb.Color{Color:color.RGBA{0xff,0xff,0xff,0xff}, Code:231},
    "brown":ansirgb.Color{Color:color.RGBA{0xaf,0x0,0x0,0xff}, Code:124},
    "skyblue":ansirgb.Color{Color:color.RGBA{0x87,0xd7,0xd7,0xff}, Code:116},
    "slateblue":ansirgb.Color{Color:color.RGBA{0x5f,0xd7,0x5f,0xff}, Code:62},
    "springgreen":ansirgb.Color{Color:color.RGBA{0x0,0x87,0xff,0xff}, Code:48},
    "teal":ansirgb.Color{Color:color.RGBA{0x0,0x87,0x87,0xff}, Code:30},
    "cyan":ansirgb.Color{Color:color.RGBA{0x0,0xff,0xff,0xff}, Code:51},
    "deeppink":ansirgb.Color{Color:color.RGBA{0xff,0x87,0x0,0xff}, Code:198},
    "goldenrod":ansirgb.Color{Color:color.RGBA{0xd7,0x0,0xaf,0xff}, Code:178},
    "midnightblue":ansirgb.Color{Color:color.RGBA{0x0,0x5f,0x0,0xff}, Code:17},
    "firebrick":ansirgb.Color{Color:color.RGBA{0xaf,0x0,0x0,0xff}, Code:124},
    "gold":ansirgb.Color{Color:color.RGBA{0xff,0x0,0xd7,0xff}, Code:220},
    "lavenderblush":ansirgb.Color{Color:color.RGBA{0xff,0xff,0xff,0xff}, Code:231},
    "lightgray":ansirgb.Color{Color:color.RGBA{0xd0,0xd0,0xd0,0xff}, Code:252},
    "sienna":ansirgb.Color{Color:color.RGBA{0xaf,0x0,0x5f,0xff}, Code:130},
    "magenta":ansirgb.Color{Color:color.RGBA{0xff,0xff,0x0,0xff}, Code:201},
    "mediumseagreen":ansirgb.Color{Color:color.RGBA{0x5f,0x5f,0xaf,0xff}, Code:71},
    "orchid":ansirgb.Color{Color:color.RGBA{0xd7,0xd7,0x5f,0xff}, Code:170},
    "seashell":ansirgb.Color{Color:color.RGBA{0xee,0xee,0xee,0xff}, Code:255},
    "darkmagenta":ansirgb.Color{Color:color.RGBA{0x87,0x87,0x0,0xff}, Code:90},
    "forestgreen":ansirgb.Color{Color:color.RGBA{0x0,0x0,0x87,0xff}, Code:28},
    "lavender":ansirgb.Color{Color:color.RGBA{0xee,0xee,0xee,0xff}, Code:255},
    "lightpink":ansirgb.Color{Color:color.RGBA{0xff,0xaf,0xaf,0xff}, Code:217},
    "darkseagreen":ansirgb.Color{Color:color.RGBA{0x87,0x87,0xaf,0xff}, Code:108},
    "khaki":ansirgb.Color{Color:color.RGBA{0xff,0x87,0xd7,0xff}, Code:222},
    "lightslategray":ansirgb.Color{Color:color.RGBA{0x87,0x87,0x87,0xff}, Code:102},
    "mediumblue":ansirgb.Color{Color:color.RGBA{0x0,0xd7,0x0,0xff}, Code:20},
    "cornsilk":ansirgb.Color{Color:color.RGBA{0xff,0xd7,0xff,0xff}, Code:230},
    "moccasin":ansirgb.Color{Color:color.RGBA{0xff,0xaf,0xd7,0xff}, Code:223},
    "wheat":ansirgb.Color{Color:color.RGBA{0xff,0xaf,0xd7,0xff}, Code:223},
    "mediumorchid":ansirgb.Color{Color:color.RGBA{0xaf,0xd7,0x5f,0xff}, Code:134},
    "oldlace":ansirgb.Color{Color:color.RGBA{0xff,0xd7,0xff,0xff}, Code:230},
    "orange":ansirgb.Color{Color:color.RGBA{0xff,0x0,0xaf,0xff}, Code:214},
    "peachpuff":ansirgb.Color{Color:color.RGBA{0xff,0xaf,0xd7,0xff}, Code:223},
    "darkslategray":ansirgb.Color{Color:color.RGBA{0x44,0x44,0x44,0xff}, Code:238},
    "lightseagreen":ansirgb.Color{Color:color.RGBA{0x0,0xaf,0xaf,0xff}, Code:37},
    "darkblue":ansirgb.Color{Color:color.RGBA{0x0,0x87,0x0,0xff}, Code:18},
    "darkred":ansirgb.Color{Color:color.RGBA{0x87,0x0,0x0,0xff}, Code:88},
    "mediumaquamarine":ansirgb.Color{Color:color.RGBA{0x5f,0xaf,0xd7,0xff}, Code:79},
    "olivedrab":ansirgb.Color{Color:color.RGBA{0x5f,0x0,0x87,0xff}, Code:64},
    "crimson":ansirgb.Color{Color:color.RGBA{0xd7,0x5f,0x0,0xff}, Code:161},
    "darkslategrey":ansirgb.Color{Color:color.RGBA{0x44,0x44,0x44,0xff}, Code:238},
    "mediumturquoise":ansirgb.Color{Color:color.RGBA{0x5f,0xd7,0xd7,0xff}, Code:80},
    "royalblue":ansirgb.Color{Color:color.RGBA{0x5f,0xd7,0x5f,0xff}, Code:62},
    "yellow":ansirgb.Color{Color:color.RGBA{0xff,0x0,0xff,0xff}, Code:226},
    "papayawhip":ansirgb.Color{Color:color.RGBA{0xff,0xd7,0xff,0xff}, Code:230},
    "darkolivegreen":ansirgb.Color{Color:color.RGBA{0x4e,0x4e,0x4e,0xff}, Code:239},
    "lightsalmon":ansirgb.Color{Color:color.RGBA{0xff,0x87,0xaf,0xff}, Code:216},
    "mediumpurple":ansirgb.Color{Color:color.RGBA{0x87,0xd7,0x5f,0xff}, Code:98},
    "orangered":ansirgb.Color{Color:color.RGBA{0xff,0x0,0x5f,0xff}, Code:202},
}
