[INFO] ➥  Reading configuration from  [./config.yaml] ...
[DBUG] ▶ [file: root.go:133; func: execute] called by [file: root.go:124; func: rootAction]
[INFO] 
                                    CONFIG
===============================================================================
 description                                key            value              
-------------------------------------------------------------------------------
 Filename of database                       DBfilename     ./data/invoices.db 
 Does initalize database?                   IsInitialDB    false              
 Activate display of messages on console    Verbose        true               
 Activate use of colors on console          ColorsOn       true               
 Does dump all records from database?       IsDump         false              
 Filename saves all records from database   DumpFilename   ./all_invoices.json
 Filename of case                           CaseFilename   ./cases.yaml       
===============================================================================

[DBUG] ▶ [file: case_opts.go:134; func: (*Config).ReadCaseConfigs] called by [file: root.go:136; func: execute]
[INFO] ➥  Reading options from [.yaml] file [./cases.yaml] ...
[DBUG] ▶ [file: db.go:50; func: Connectdb] called by [file: root.go:141; func: execute]
[DBUG] ♲  Connect database is success
[INFO] 
                       CASE #4: [09102989061-4]
=======================================================================
 description          key               value                         
-----------------------------------------------------------------------
 Input ------------   ---------------   ------------------------------
 file name            Input.Filename    ./inp/09102989061-4.csv       
 file type            Input.Suffix      .csv                          
 Is Big-5 encoding?   Input.IsBig5      true                          
 Output -----------   ---------------   [as the following ...]        
=======================================================================
                   OUTPUT List
    ==========================================
     No                   Filename   IsOutput
    ------------------------------------------
      1   ./out/09102989061-4u.csv       true
      2   ./out/09102989061-4.json       true
      3    ./out/09102989061-4.xml       true
      4   ./out/09102989061-4.xlsx      false
      5   ./out/09102989061-4.yaml       true
    ==========================================

[DBUG] ▶ [file: filebunker.go:103; func: (*Case).UpdateFileBunker] called by [file: root.go:148; func: execute]
[DBUG] ▶ [file: handle.go:28; func: (*InputFile).ReadInvoices] called by [file: root.go:152; func: execute]
[DBUG] ▶ [file: filebunker.go:61; func: (*FileBunker).GetArgsTable] called by [file: handle.go:35; func: (*InputFile).ReadInvoices]
[INFO] 
                                                                 原始發票檔案清單
===================================================================================================================================================
 檔案名稱            檔案大小   修改時間                        編碼    檢查碼                                                             內容   
---------------------------------------------------------------------------------------------------------------------------------------------------
 09102989061-4.csv   2.4KB      2017-07-29 18:52:00 +0800 CST   big-5   dca244dc149d8a0ba0b6e27f7c659b9095fceda913c53ba816a96bf49314a5e4   [略...]
===================================================================================================================================================

[DBUG] ➥  Connect to ⚓  [CsvMarshaller]
[DBUG] ▶ [file: hcsv.go:68; func: UnmarshalInvoices] called by [package: github.com/shyang107/go-twinvoices:%!d(string=11); func: (*CsvMarshaller).UnmarshalInvoices]
[INFO] ➥  Reading data from .csv file [./inp/09102989061-4.csv] ...
[INFO] ♲  combining invoices ...
[INFO] ♲  Invoices list:
                                                                 發票清單
==========================================================================================================================================
 項次   表頭   發票狀態   發票號碼      發票日期         商店統編   商店店名                                 載具名稱   載具號碼   總金額
------------------------------------------------------------------------------------------------------------------------------------------
 1      M      開立       UY-91807709   2017-07-02 CST   28997385   全家便利商店股份有限公司芎林富林分公司   悠遊卡     26182229   83.0  
       ===============================================================================
        項次   表頭   發票號碼      小計       品項名稱                              
       -------------------------------------------------------------------------------
        1      D      UY-91807709   110.0      濃厚系冰磚咖啡                        
        2      D      UY-91807709   -27.0      鮮食促                                
       ===============================================================================
==========================================================================================================================================
 項次   表頭   發票狀態   發票號碼      發票日期         商店統編   商店店名                                 載具名稱   載具號碼   總金額
------------------------------------------------------------------------------------------------------------------------------------------
 2      M      開立       UY-91809924   2017-07-03 CST   28997385   全家便利商店股份有限公司芎林富林分公司   悠遊卡     26182229   65.0  
       ===============================================================================
        項次   表頭   發票號碼      小計       品項名稱                              
       -------------------------------------------------------------------------------
        1      D      UY-91809924   65.0       蔥爆牛肉燴飯                          
       ===============================================================================
==========================================================================================================================================
 項次   表頭   發票狀態   發票號碼      發票日期         商店統編   商店店名                                 載具名稱   載具號碼   總金額
------------------------------------------------------------------------------------------------------------------------------------------
 3      M      開立       VH-18704571   2017-07-05 CST   80024383   富林                                     悠遊卡     26182229   20.0  
       ===============================================================================
        項次   表頭   發票號碼      小計       品項名稱                              
       -------------------------------------------------------------------------------
        1      D      VH-18704571   20.0       茶?王日式綠茶PET600                   
       ===============================================================================
==========================================================================================================================================
 項次   表頭   發票狀態   發票號碼      發票日期         商店統編   商店店名                                 載具名稱   載具號碼   總金額
------------------------------------------------------------------------------------------------------------------------------------------
 4      M      開立       VH-18704574   2017-07-05 CST   80024383   富林                                     悠遊卡     26182229   130.0 
       ===============================================================================
        項次   表頭   發票號碼      小計       品項名稱                              
       -------------------------------------------------------------------------------
        1      D      VH-18704574   130.0      尊爵G1香煙                            
       ===============================================================================
==========================================================================================================================================
 項次   表頭   發票狀態   發票號碼      發票日期         商店統編   商店店名                                 載具名稱   載具號碼   總金額
------------------------------------------------------------------------------------------------------------------------------------------
 5      M      開立       VG-36548269   2017-07-05 CST   16837194   芎林                                     悠遊卡     26182229   28.0  
       ===============================================================================
        項次   表頭   發票號碼      小計       品項名稱                              
       -------------------------------------------------------------------------------
        1      D      VG-36548269   28.0       金立方                                
       ===============================================================================
==========================================================================================================================================
 項次   表頭   發票狀態   發票號碼      發票日期         商店統編   商店店名                                 載具名稱   載具號碼   總金額
------------------------------------------------------------------------------------------------------------------------------------------
 6      M      開立       VK-05281695   2017-07-06 CST   27949724   大矽谷                                   悠遊卡     26182229   55.0  
       ===============================================================================
        項次   表頭   發票號碼      小計       品項名稱                              
       -------------------------------------------------------------------------------
        1      D      VK-05281695   55.0       拿鐵熱咖啡(大)                        
       ===============================================================================
==========================================================================================================================================
 項次   表頭   發票狀態   發票號碼      發票日期         商店統編   商店店名                                 載具名稱   載具號碼   總金額
------------------------------------------------------------------------------------------------------------------------------------------
 7      M      開立       UZ-06978409   2017-07-10 CST   31637391   全家便利商店股份有限公司橫山致豐分公司   悠遊卡     26182229   154.0 
       ===============================================================================
        項次   表頭   發票號碼      小計       品項名稱                              
       -------------------------------------------------------------------------------
        1      D      UZ-06978409   70.0       芒果冰沙　Ｂ                          
        2      D      UZ-06978409   -11.0      鮮食促                                
        3      D      UZ-06978409   30.0       Ｃｌｉｐｐｅｒ火石打                  
        4      D      UZ-06978409   65.0       尊爵Ｇ１                              
       ===============================================================================
==========================================================================================================================================
 項次   表頭   發票狀態   發票號碼      發票日期         商店統編   商店店名                                 載具名稱   載具號碼   總金額
------------------------------------------------------------------------------------------------------------------------------------------
 8      M      開立       UY-91812193   2017-07-12 CST   28997385   全家便利商店股份有限公司芎林富林分公司   悠遊卡     26182229   77.0  
       ===============================================================================
        項次   表頭   發票號碼      小計       品項名稱                              
       -------------------------------------------------------------------------------
        1      D      UY-91812193   110.0      濃厚系冰磚咖啡                        
        2      D      UY-91812193   -27.0      鮮食促                                
        3      D      UY-91812193   -6.0       環保杯                                
       ===============================================================================
==========================================================================================================================================
 項次   表頭   發票狀態   發票號碼      發票日期         商店統編   商店店名                                 載具名稱   載具號碼   總金額
------------------------------------------------------------------------------------------------------------------------------------------
 9      M      開立       UY-91812194   2017-07-12 CST   28997385   全家便利商店股份有限公司芎林富林分公司   悠遊卡     26182229   240.0 
       ===============================================================================
        項次   表頭   發票號碼      小計       品項名稱                              
       -------------------------------------------------------------------------------
        1      D      UY-91812194   270.0      台灣生啤酒（１８天）                  
        2      D      UY-91812194   -30.0      酒促                                  
       ===============================================================================
==========================================================================================================================================
 項次   表頭   發票狀態   發票號碼      發票日期         商店統編   商店店名                                 載具名稱   載具號碼   總金額
------------------------------------------------------------------------------------------------------------------------------------------
 10     M      開立       UY-91815095   2017-07-12 CST   28997385   全家便利商店股份有限公司芎林富林分公司   悠遊卡     26182229   25.0  
       ===============================================================================
        項次   表頭   發票號碼      小計       品項名稱                              
       -------------------------------------------------------------------------------
        1      D      UY-91815095   25.0       招牌火腿三明治                        
       ===============================================================================
==========================================================================================================================================
 項次   表頭   發票狀態   發票號碼      發票日期         商店統編   商店店名                                 載具名稱   載具號碼   總金額
------------------------------------------------------------------------------------------------------------------------------------------
 11     M      開立       UY-91818673   2017-07-19 CST   28997385   全家便利商店股份有限公司芎林富林分公司   悠遊卡     26182229   29.0  
       ===============================================================================
        項次   表頭   發票號碼      小計       品項名稱                              
       -------------------------------------------------------------------------------
        1      D      UY-91818673   29.0       加鹽黑松沙士                          
       ===============================================================================
==========================================================================================================================================
 項次   表頭   發票狀態   發票號碼      發票日期         商店統編   商店店名                                 載具名稱   載具號碼   總金額
------------------------------------------------------------------------------------------------------------------------------------------
 12     M      開立       UY-91818697   2017-07-19 CST   28997385   全家便利商店股份有限公司芎林富林分公司   悠遊卡     26182229   83.0  
       ===============================================================================
        項次   表頭   發票號碼      小計       品項名稱                              
       -------------------------------------------------------------------------------
        1      D      UY-91818697   110.0      濃厚系冰磚咖啡                        
        2      D      UY-91818697   -27.0      鮮食促                                
       ===============================================================================
==========================================================================================================================================
 項次   表頭   發票狀態   發票號碼      發票日期         商店統編   商店店名                                 載具名稱   載具號碼   總金額
------------------------------------------------------------------------------------------------------------------------------------------
 13     M      開立       VH-18737428   2017-07-21 CST   80024383   富林                                     悠遊卡     26182229   54.0  
       ===============================================================================
        項次   表頭   發票號碼      小計       品項名稱                              
       -------------------------------------------------------------------------------
        1      D      VH-18737428   29.0       黑松沙士清爽der PET500                
        2      D      VH-18737428   25.0       Cricket火石安全打火機雙色煥彩         
       ===============================================================================
==========================================================================================================================================
 項次   表頭   發票狀態   發票號碼      發票日期         商店統編   商店店名                                 載具名稱   載具號碼   總金額
------------------------------------------------------------------------------------------------------------------------------------------
 14     M      開立       UY-91823313   2017-07-23 CST   28997385   全家便利商店股份有限公司芎林富林分公司   悠遊卡     26182229   198.0 
       ===============================================================================
        項次   表頭   發票號碼      小計       品項名稱                              
       -------------------------------------------------------------------------------
        1      D      UY-91823313   89.0       （量）樂事盒裝原味洋                  
        2      D      UY-91823313   25.0       全家紅豆麵包                          
        3      D      UY-91823313   32.0       全家牛奶好棒棒                        
        4      D      UY-91823313   55.0       濃厚系冰磚咖啡                        
        5      D      UY-91823313   -3.0       環保杯                                
       ===============================================================================
==========================================================================================================================================
 項次   表頭   發票狀態   發票號碼      發票日期         商店統編   商店店名                                 載具名稱   載具號碼   總金額
------------------------------------------------------------------------------------------------------------------------------------------
 15     M      開立       UZ-06988112   2017-07-25 CST   31637391   全家便利商店股份有限公司橫山致豐門市部   悠遊卡     26182229   25.0  
       ===============================================================================
        項次   表頭   發票號碼      小計       品項名稱                              
       -------------------------------------------------------------------------------
        1      D      UZ-06988112   25.0       雀巢茶品檸檬茶                        
       ===============================================================================
==========================================================================================================================================
 項次   表頭   發票狀態   發票號碼      發票日期         商店統編   商店店名                                 載具名稱   載具號碼   總金額
------------------------------------------------------------------------------------------------------------------------------------------
 16     M      開立       VS-79044027   2017-07-11 CST   16606102   網路家庭國際資訊股份有限公司             手機條碼   /+69WYM2   679.0 
       ===============================================================================
        項次   表頭   發票號碼      小計       品項名稱                              
       -------------------------------------------------------------------------------
        1      D      VS-79044027   679.0      【企鵝寶寶】ARC-956A變頻冷氣萬用遙控器
       ===============================================================================

[INFO] ♲  Updating database ...
[DBUG] ▶ [file: db.go:85; func: DBInsertFrom] called by [file: hcsv.go:118; func: UnmarshalInvoices]
[DBUG] ▶ [file: handle.go:69; func: (*OutputFile).WriteInvoices] called by [file: root.go:161; func: execute]
[DBUG] ➥  Connect to ⚓  [CsvMarshaller]
[DBUG] ▶ [file: hcsv.go:25; func: MarshalInvoices] called by [package: github.com/shyang107/go-twinvoices:%!d(string=10); func: (*CsvMarshaller).MarshalInvoices]
[INFO] ➥  Writing data to .csv file [./out/09102989061-4u.csv] ...
[DBUG] ▶ [file: handle.go:69; func: (*OutputFile).WriteInvoices] called by [file: root.go:161; func: execute]
[DBUG] ➥  Connect to ⚓  [JSONMarshaller]
[DBUG] ▶ [file: hjson.go:23; func: MarshalInvoices] called by [package: github.com/shyang107/go-twinvoices:%!d(string=12); func: (*JSONMarshaller).MarshalInvoices]
[INFO] ➥  Writing data to .json file [./out/09102989061-4.json] ...
[DBUG] ▶ [file: handle.go:69; func: (*OutputFile).WriteInvoices] called by [file: root.go:161; func: execute]
[DBUG] ➥  Connect to ⚓  [XMLMarshaller]
[DBUG] ▶ [file: hxml.go:108; func: MarshalInvoices] called by [package: github.com/shyang107/go-twinvoices:%!d(string=16); func: (*XMLMarshaller).MarshalInvoices]
[INFO] ➥  Writing data to .xml file [./out/09102989061-4.xml] ...
[DBUG] ▶ [file: handle.go:69; func: (*OutputFile).WriteInvoices] called by [file: root.go:161; func: execute]
[DBUG] ➥  Connect to ⚓  [YAMLMarshaller]
[DBUG] ▶ [file: hyaml.go:23; func: MarshalInvoices] called by [package: github.com/shyang107/go-twinvoices:%!d(string=14); func: (*YAMLMarshaller).MarshalInvoices]
[INFO] ➥  Writing data to .yaml file [./out/09102989061-4.yaml] ...
