[DBUG] ▶ [[93mfile: execute.go:[38;2;59881;38550;31354m34[39;49m[0m; func: [38;2;59881;38550;31354mexecuteAction[39;49m[0m[39;49m[0m] called by [[33mfile: app.go:[38;2;59881;38550;31354m490[39;49m[0m; func: [38;2;59881;38550;31354mHandleAction[39;49m[0m[39;49m[0m]
[DBUG] ▶ [[93mfile: config.go:[38;2;59881;38550;31354m107[39;49m[0m; func: [38;2;59881;38550;31354m(*Config).ReadConfigs[39;49m[0m[39;49m[0m] called by [[33mfile: execute.go:[38;2;59881;38550;31354m36[39;49m[0m; func: [38;2;59881;38550;31354mexecuteAction[39;49m[0m[39;49m[0m]
[INFO] ➥  Reading configuration from  [[38;2;0;65535;65535m./config.yaml[39;49m[0m] ...
[DBUG] ▶ [[93mfile: execute.go:[38;2;59881;38550;31354m60[39;49m[0m; func: [38;2;59881;38550;31354mexecute[39;49m[0m[39;49m[0m] called by [[33mfile: execute.go:[38;2;59881;38550;31354m50[39;49m[0m; func: [38;2;59881;38550;31354mexecuteAction[39;49m[0m[39;49m[0m]
[INFO] 
                                    CONFIG
===============================================================================
 description                                key            value              
-------------------------------------------------------------------------------
 Filename of database                       DBfilename     ./data/invoices.db 
 Does initalize database?                   IsInitialDB    false              
 Activate display of messages on console    Verbose        true               
 Activate use of colors on console          ColorsOn       true               
 Does dump all records from database?       IsDump         false              
 Filename saves all records from database   DumpFilename   ./all_invoices.json
 Filename of case                           CaseFilename   ./cases.yaml       
===============================================================================

[DBUG] ▶ [[93mfile: case_opts.go:[38;2;59881;38550;31354m127[39;49m[0m; func: [38;2;59881;38550;31354m(*Config).ReadCaseConfigs[39;49m[0m[39;49m[0m] called by [[33mfile: execute.go:[38;2;59881;38550;31354m64[39;49m[0m; func: [38;2;59881;38550;31354mexecute[39;49m[0m[39;49m[0m]
[INFO] ➥  Reading options from [[38;2;0;65535;65535m.yaml[39;49m[0m] file [[38;2;0;65535;65535m./cases.yaml[39;49m[0m] ...
[DBUG] ▶ [[93mfile: db.go:[38;2;59881;38550;31354m49[39;49m[0m; func: [38;2;59881;38550;31354mConnectdb[39;49m[0m[39;49m[0m] called by [[33mfile: execute.go:[38;2;59881;38550;31354m70[39;49m[0m; func: [38;2;59881;38550;31354mexecute[39;49m[0m[39;49m[0m]
[DBUG] ♲  Connect database is success
[INFO] run-time elapsed: 11.927179ms
