
                                                         發票清單
==========================================================================================================================
 項次 表頭 發票狀態 發票號碼    發票日期         商店統編 商店店名                               載具名稱 載具號碼 總金額
--------------------------------------------------------------------------------------------------------------------------
 1    M    開立     UY-91807709 2017-07-02 +0800 28997385 全家便利商店股份有限公司芎林富林分公司 悠遊卡   26182229   83.0
     =============================================================================
      項次 表頭 發票號碼      小計 品項名稱                                      
     -----------------------------------------------------------------------------
      1    D    UY-91807709  110.0 濃厚系冰磚咖啡                                
      2    D    UY-91807709  -27.0 鮮食促                                        
     =============================================================================
==========================================================================================================================
 項次 表頭 發票狀態 發票號碼    發票日期         商店統編 商店店名                               載具名稱 載具號碼 總金額
--------------------------------------------------------------------------------------------------------------------------
 2    M    開立     UY-91809924 2017-07-03 +0800 28997385 全家便利商店股份有限公司芎林富林分公司 悠遊卡   26182229   65.0
     =============================================================================
      項次 表頭 發票號碼      小計 品項名稱                                      
     -----------------------------------------------------------------------------
      1    D    UY-91809924   65.0 蔥爆牛肉燴飯                                  
     =============================================================================
==========================================================================================================================
 項次 表頭 發票狀態 發票號碼    發票日期         商店統編 商店店名                               載具名稱 載具號碼 總金額
--------------------------------------------------------------------------------------------------------------------------
 3    M    開立     VH-18704571 2017-07-05 +0800 80024383 富林                                   悠遊卡   26182229   20.0
     =============================================================================
      項次 表頭 發票號碼      小計 品項名稱                                      
     -----------------------------------------------------------------------------
      1    D    VH-18704571   20.0 茶?王日式綠茶PET600                           
     =============================================================================
==========================================================================================================================
 項次 表頭 發票狀態 發票號碼    發票日期         商店統編 商店店名                               載具名稱 載具號碼 總金額
--------------------------------------------------------------------------------------------------------------------------
 4    M    開立     VH-18704574 2017-07-05 +0800 80024383 富林                                   悠遊卡   26182229  130.0
     =============================================================================
      項次 表頭 發票號碼      小計 品項名稱                                      
     -----------------------------------------------------------------------------
      1    D    VH-18704574  130.0 尊爵G1香煙                                    
     =============================================================================
==========================================================================================================================
 項次 表頭 發票狀態 發票號碼    發票日期         商店統編 商店店名                               載具名稱 載具號碼 總金額
--------------------------------------------------------------------------------------------------------------------------
 5    M    開立     VG-36548269 2017-07-05 +0800 16837194 芎林                                   悠遊卡   26182229   28.0
     =============================================================================
      項次 表頭 發票號碼      小計 品項名稱                                      
     -----------------------------------------------------------------------------
      1    D    VG-36548269   28.0 金立方                                        
     =============================================================================
==========================================================================================================================
 項次 表頭 發票狀態 發票號碼    發票日期         商店統編 商店店名                               載具名稱 載具號碼 總金額
--------------------------------------------------------------------------------------------------------------------------
 6    M    開立     VK-05281695 2017-07-06 +0800 27949724 大矽谷                                 悠遊卡   26182229   55.0
     =============================================================================
      項次 表頭 發票號碼      小計 品項名稱                                      
     -----------------------------------------------------------------------------
      1    D    VK-05281695   55.0 拿鐵熱咖啡(大)                                
     =============================================================================
==========================================================================================================================
 項次 表頭 發票狀態 發票號碼    發票日期         商店統編 商店店名                               載具名稱 載具號碼 總金額
--------------------------------------------------------------------------------------------------------------------------
 7    M    開立     UZ-06978409 2017-07-10 +0800 31637391 全家便利商店股份有限公司橫山致豐分公司 悠遊卡   26182229  154.0
     =============================================================================
      項次 表頭 發票號碼      小計 品項名稱                                      
     -----------------------------------------------------------------------------
      1    D    UZ-06978409   70.0 芒果冰沙　Ｂ                                  
      2    D    UZ-06978409  -11.0 鮮食促                                        
      3    D    UZ-06978409   30.0 Ｃｌｉｐｐｅｒ火石打                          
      4    D    UZ-06978409   65.0 尊爵Ｇ１                                      
     =============================================================================
==========================================================================================================================
 項次 表頭 發票狀態 發票號碼    發票日期         商店統編 商店店名                               載具名稱 載具號碼 總金額
--------------------------------------------------------------------------------------------------------------------------
 8    M    開立     UY-91812193 2017-07-12 +0800 28997385 全家便利商店股份有限公司芎林富林分公司 悠遊卡   26182229   77.0
     =============================================================================
      項次 表頭 發票號碼      小計 品項名稱                                      
     -----------------------------------------------------------------------------
      1    D    UY-91812193  110.0 濃厚系冰磚咖啡                                
      2    D    UY-91812193  -27.0 鮮食促                                        
      3    D    UY-91812193   -6.0 環保杯                                        
     =============================================================================
==========================================================================================================================
 項次 表頭 發票狀態 發票號碼    發票日期         商店統編 商店店名                               載具名稱 載具號碼 總金額
--------------------------------------------------------------------------------------------------------------------------
 9    M    開立     UY-91812194 2017-07-12 +0800 28997385 全家便利商店股份有限公司芎林富林分公司 悠遊卡   26182229  240.0
     =============================================================================
      項次 表頭 發票號碼      小計 品項名稱                                      
     -----------------------------------------------------------------------------
      1    D    UY-91812194  270.0 台灣生啤酒（１８天）                          
      2    D    UY-91812194  -30.0 酒促                                          
     =============================================================================
==========================================================================================================================
 項次 表頭 發票狀態 發票號碼    發票日期         商店統編 商店店名                               載具名稱 載具號碼 總金額
--------------------------------------------------------------------------------------------------------------------------
 10   M    開立     UY-91815095 2017-07-12 +0800 28997385 全家便利商店股份有限公司芎林富林分公司 悠遊卡   26182229   25.0
     =============================================================================
      項次 表頭 發票號碼      小計 品項名稱                                      
     -----------------------------------------------------------------------------
      1    D    UY-91815095   25.0 招牌火腿三明治                                
     =============================================================================
==========================================================================================================================
 項次 表頭 發票狀態 發票號碼    發票日期         商店統編 商店店名                               載具名稱 載具號碼 總金額
--------------------------------------------------------------------------------------------------------------------------
 11   M    開立     UY-91818673 2017-07-19 +0800 28997385 全家便利商店股份有限公司芎林富林分公司 悠遊卡   26182229   29.0
     =============================================================================
      項次 表頭 發票號碼      小計 品項名稱                                      
     -----------------------------------------------------------------------------
      1    D    UY-91818673   29.0 加鹽黑松沙士                                  
     =============================================================================
==========================================================================================================================
 項次 表頭 發票狀態 發票號碼    發票日期         商店統編 商店店名                               載具名稱 載具號碼 總金額
--------------------------------------------------------------------------------------------------------------------------
 12   M    開立     UY-91818697 2017-07-19 +0800 28997385 全家便利商店股份有限公司芎林富林分公司 悠遊卡   26182229   83.0
     =============================================================================
      項次 表頭 發票號碼      小計 品項名稱                                      
     -----------------------------------------------------------------------------
      1    D    UY-91818697  110.0 濃厚系冰磚咖啡                                
      2    D    UY-91818697  -27.0 鮮食促                                        
     =============================================================================
==========================================================================================================================
 項次 表頭 發票狀態 發票號碼    發票日期         商店統編 商店店名                               載具名稱 載具號碼 總金額
--------------------------------------------------------------------------------------------------------------------------
 13   M    開立     VH-18737428 2017-07-21 +0800 80024383 富林                                   悠遊卡   26182229   54.0
     =============================================================================
      項次 表頭 發票號碼      小計 品項名稱                                      
     -----------------------------------------------------------------------------
      1    D    VH-18737428   29.0 黑松沙士清爽der PET500                        
      2    D    VH-18737428   25.0 Cricket火石安全打火機雙色煥彩                 
     =============================================================================
==========================================================================================================================
 項次 表頭 發票狀態 發票號碼    發票日期         商店統編 商店店名                               載具名稱 載具號碼 總金額
--------------------------------------------------------------------------------------------------------------------------
 14   M    開立     VS-79044027 2017-07-11 +0800 16606102 網路家庭國際資訊股份有限公司           手機條碼 /+69WYM2  679.0
     =============================================================================
      項次 表頭 發票號碼      小計 品項名稱                                      
     -----------------------------------------------------------------------------
      1    D    VS-79044027  679.0 【企鵝寶寶】ARC-956A變頻冷氣萬用遙控器        
     =============================================================================
==========================================================================================================================
 項次 表頭 發票狀態 發票號碼    發票日期         商店統編 商店店名                               載具名稱 載具號碼 總金額
--------------------------------------------------------------------------------------------------------------------------
 15   M    開立     UY-91823313 2017-07-23 +0800 28997385 全家便利商店股份有限公司芎林富林分公司 悠遊卡   26182229  198.0
     =============================================================================
      項次 表頭 發票號碼      小計 品項名稱                                      
     -----------------------------------------------------------------------------
      1    D    UY-91823313   89.0 （量）樂事盒裝原味洋                          
      2    D    UY-91823313   25.0 全家紅豆麵包                                  
      3    D    UY-91823313   32.0 全家牛奶好棒棒                                
      4    D    UY-91823313   55.0 濃厚系冰磚咖啡                                
      5    D    UY-91823313   -3.0 環保杯                                        
     =============================================================================
==========================================================================================================================
 項次 表頭 發票狀態 發票號碼    發票日期         商店統編 商店店名                               載具名稱 載具號碼 總金額
--------------------------------------------------------------------------------------------------------------------------
 16   M    開立     UZ-06988112 2017-07-25 +0800 31637391 全家便利商店股份有限公司橫山致豐門市部 悠遊卡   26182229   25.0
     =============================================================================
      項次 表頭 發票號碼      小計 品項名稱                                      
     -----------------------------------------------------------------------------
      1    D    UZ-06988112   25.0 雀巢茶品檸檬茶                                
     =============================================================================
==========================================================================================================================
 項次 表頭 發票狀態 發票號碼    發票日期         商店統編 商店店名                               載具名稱 載具號碼 總金額
--------------------------------------------------------------------------------------------------------------------------
 17   M    開立     VG-36590154 2017-07-30 +0800 16837194 芎林                                   悠遊卡   26182229   55.0
     =============================================================================
      項次 表頭 發票號碼      小計 品項名稱                                      
     -----------------------------------------------------------------------------
      1    D    VG-36590154   55.0 拿鐵熱咖啡(大)                                
     =============================================================================
==========================================================================================================================
 項次 表頭 發票狀態 發票號碼    發票日期         商店統編 商店店名                               載具名稱 載具號碼 總金額
--------------------------------------------------------------------------------------------------------------------------
 18   M    開立     VH-18742924 2017-07-31 +0800 80024383 富林                                   悠遊卡   26182229   55.0
     =============================================================================
      項次 表頭 發票號碼      小計 品項名稱                                      
     -----------------------------------------------------------------------------
      1    D    VH-18742924   55.0 拿鐵熱咖啡(大)                                
     =============================================================================
==========================================================================================================================
 項次 表頭 發票狀態 發票號碼    發票日期         商店統編 商店店名                               載具名稱 載具號碼 總金額
--------------------------------------------------------------------------------------------------------------------------
 19   M    開立     UY-91825133 2017-07-31 +0800 28997385 全家便利商店股份有限公司芎林富林分公司 悠遊卡   26182229  361.0
     =============================================================================
      項次 表頭 發票號碼      小計 品項名稱                                      
     -----------------------------------------------------------------------------
      1    D    UY-91825133   32.0 全家牛奶好棒棒                                
      2    D    UY-91825133   59.0 綠油精                                        
      3    D    UY-91825133   39.0 碳烤雞翅味洋芋片                              
      4    D    UY-91825133  -11.0 果子促２                                      
      5    D    UY-91825133   45.0 樂事樂無限海苔洋芋片                          
      6    D    UY-91825133   75.0 曼秀雷敦涼舒薄荷精油                          
      7    D    UY-91825133   55.0 濃厚系冰磚咖啡                                
      8    D    UY-91825133   55.0 濃厚系冰磚咖啡                                
      9    D    UY-91825133   -6.0 環保杯                                        
      10   D    UY-91825133   11.0 果子促２                                      
      11   D    UY-91825133  -11.0 果子促２                                      
      12   D    UY-91825133  -27.0 鮮食促                                        
      13   D    UY-91825133   45.0 蕃薯（４５元）                                
     =============================================================================
==========================================================================================================================
 項次 表頭 發票狀態 發票號碼    發票日期         商店統編 商店店名                               載具名稱 載具號碼 總金額
--------------------------------------------------------------------------------------------------------------------------
 20   M    開立     UY-91825134 2017-07-31 +0800 28997385 全家便利商店股份有限公司芎林富林分公司 悠遊卡   26182229  280.0
     =============================================================================
      項次 表頭 發票號碼      小計 品項名稱                                      
     -----------------------------------------------------------------------------
      1    D    UY-91825134  280.0 德國百靈油５ｍｌ                              
      2    D    UY-91825134  280.0 德國百靈油５ｍｌ                              
      3    D    UY-91825134 -280.0 日用促１                                      
     =============================================================================
==========================================================================================================================
 項次 表頭 發票狀態 發票號碼    發票日期         商店統編 商店店名                               載具名稱 載具號碼 總金額
--------------------------------------------------------------------------------------------------------------------------
 21   M    開立     VH-18719137 2017-08-03 +0800 80024383 富林                                   悠遊卡   26182229  130.0
     =============================================================================
      項次 表頭 發票號碼      小計 品項名稱                                      
     -----------------------------------------------------------------------------
      1    D    VH-18719137  130.0 尊爵G1香煙                                    
     =============================================================================
==========================================================================================================================
 項次 表頭 發票狀態 發票號碼    發票日期         商店統編 商店店名                               載具名稱 載具號碼 總金額
--------------------------------------------------------------------------------------------------------------------------
 22   M    開立     VH-18745775 2017-08-05 +0800 80024383 富林                                   悠遊卡   26182229  145.0
     =============================================================================
      項次 表頭 發票號碼      小計 品項名稱                                      
     -----------------------------------------------------------------------------
      1    D    VH-18745775   55.0 拿鐵冰咖啡(大)                                
      2    D    VH-18745775   65.0 尊爵G1香煙                                    
      3    D    VH-18745775   25.0 Cricket火石安全打火機雙色煥彩                 
      4    D    VH-18745775    0.0 BMW點數                                       
     =============================================================================
==========================================================================================================================
 項次 表頭 發票狀態 發票號碼    發票日期         商店統編 商店店名                               載具名稱 載具號碼 總金額
--------------------------------------------------------------------------------------------------------------------------
 23   M    開立     UZ-06995118 2017-08-07 +0800 31637391 全家便利商店股份有限公司橫山致豐門市部 悠遊卡   26182229   59.0
     =============================================================================
      項次 表頭 發票號碼      小計 品項名稱                                      
     -----------------------------------------------------------------------------
      1    D    UZ-06995118   70.0 酷夏野苺冰沙　Ｃ                              
      2    D    UZ-06995118  -11.0 鮮食促                                        
     =============================================================================
==========================================================================================================================
 項次 表頭 發票狀態 發票號碼    發票日期         商店統編 商店店名                               載具名稱 載具號碼 總金額
--------------------------------------------------------------------------------------------------------------------------
 24   M    開立     UY-91831957 2017-08-09 +0800 28997385 全家便利商店股份有限公司芎林富林分公司 悠遊卡   26182229   40.0
     =============================================================================
      項次 表頭 發票號碼      小計 品項名稱                                      
     -----------------------------------------------------------------------------
      1    D    UY-91831957   40.0 蕃薯（４０元）                                
     =============================================================================
==========================================================================================================================
 項次 表頭 發票狀態 發票號碼    發票日期         商店統編 商店店名                               載具名稱 載具號碼 總金額
--------------------------------------------------------------------------------------------------------------------------
 25   M    開立     UY-91831962 2017-08-09 +0800 28997385 全家便利商店股份有限公司芎林富林分公司 悠遊卡   26182229   50.0
     =============================================================================
      項次 表頭 發票號碼      小計 品項名稱                                      
     -----------------------------------------------------------------------------
      1    D    UY-91831962   50.0 勁量２０２５鈕扣型電                          
     =============================================================================
==========================================================================================================================
 項次 表頭 發票狀態 發票號碼    發票日期         商店統編 商店店名                               載具名稱 載具號碼 總金額
--------------------------------------------------------------------------------------------------------------------------
 26   M    開立     VD-04195104 2017-08-10 +0800 27942412 萊爾富國際(股)公司第3187分公司         悠遊卡   26182229   25.0
     =============================================================================
      項次 表頭 發票號碼      小計 品項名稱                                      
     -----------------------------------------------------------------------------
      1    D    VD-04195104   25.0 雀巢翡翠檸檬蜜茶                              
     =============================================================================
==========================================================================================================================
 項次 表頭 發票狀態 發票號碼    發票日期         商店統編 商店店名                               載具名稱 載具號碼 總金額
--------------------------------------------------------------------------------------------------------------------------
 27   M    開立     VY-32634030 2017-08-07 +0800 24317014 康太數位整合股份有限公司               手機條碼 /+69WYM2  890.0
     =============================================================================
      項次 表頭 發票號碼      小計 品項名稱                                      
     -----------------------------------------------------------------------------
      1    D    VY-32634030  890.0 17Life購物金                                  
     =============================================================================
==========================================================================================================================
 項次 表頭 發票狀態 發票號碼    發票日期         商店統編 商店店名                               載具名稱 載具號碼 總金額
--------------------------------------------------------------------------------------------------------------------------
 28   M    開立     UY-91834834 2017-08-12 +0800 28997385 全家便利商店股份有限公司芎林富林分公司 悠遊卡   26182229   50.0
     =============================================================================
      項次 表頭 發票號碼      小計 品項名稱                                      
     -----------------------------------------------------------------------------
      1    D    UY-91834834   50.0 御茶園特上檸檬茶                              
     =============================================================================
==========================================================================================================================
 項次 表頭 發票狀態 發票號碼    發票日期         商店統編 商店店名                               載具名稱 載具號碼 總金額
--------------------------------------------------------------------------------------------------------------------------
 29   M    開立     UY-91834844 2017-08-12 +0800 28997385 全家便利商店股份有限公司芎林富林分公司 悠遊卡   26182229   65.0
     =============================================================================
      項次 表頭 發票號碼      小計 品項名稱                                      
     -----------------------------------------------------------------------------
      1    D    UY-91834844   45.0 蕃薯（４５元）                                
      2    D    UY-91834844   20.0 茶葉蛋（銷售用）                              
     =============================================================================
==========================================================================================================================
 項次 表頭 發票狀態 發票號碼    發票日期         商店統編 商店店名                               載具名稱 載具號碼 總金額
--------------------------------------------------------------------------------------------------------------------------
 30   M    開立     UY-91835131 2017-08-13 +0800 28997385 全家便利商店股份有限公司芎林富林分公司 悠遊卡   26182229   79.0
     =============================================================================
      項次 表頭 發票號碼      小計 品項名稱                                      
     -----------------------------------------------------------------------------
      1    D    UY-91835131   90.0 台灣生啤酒（１８天）                          
      2    D    UY-91835131  -11.0 酒促                                          
     =============================================================================
==========================================================================================================================
 項次 表頭 發票狀態 發票號碼    發票日期         商店統編 商店店名                               載具名稱 載具號碼 總金額
--------------------------------------------------------------------------------------------------------------------------
 31   M    開立     UY-91836636 2017-08-16 +0800 28997385 全家便利商店股份有限公司芎林富林分公司 悠遊卡   26182229   29.0
     =============================================================================
      項次 表頭 發票號碼      小計 品項名稱                                      
     -----------------------------------------------------------------------------
      1    D    UY-91836636   29.0 加鹽黑松沙士                                  
     =============================================================================
==========================================================================================================================
 項次 表頭 發票狀態 發票號碼    發票日期         商店統編 商店店名                               載具名稱 載具號碼 總金額
--------------------------------------------------------------------------------------------------------------------------
 32   M    開立     UY-91838275 2017-08-17 +0800 28997385 全家便利商店股份有限公司芎林富林分公司 悠遊卡   26182229   40.0
     =============================================================================
      項次 表頭 發票號碼      小計 品項名稱                                      
     -----------------------------------------------------------------------------
      1    D    UY-91838275   40.0 蕃薯（４０元）                                
     =============================================================================
==========================================================================================================================
 項次 表頭 發票狀態 發票號碼    發票日期         商店統編 商店店名                               載具名稱 載具號碼 總金額
--------------------------------------------------------------------------------------------------------------------------
 33   M    開立     VD-10154346 2017-08-20 +0800 27942412 萊爾富國際(股)公司第3187分公司         悠遊卡   26182229   37.0
     =============================================================================
      項次 表頭 發票號碼      小計 品項名稱                                      
     -----------------------------------------------------------------------------
      1    D    VD-10154346   37.0 台灣啤酒水果鳳梨                              
     =============================================================================
==========================================================================================================================
 項次 表頭 發票狀態 發票號碼    發票日期         商店統編 商店店名                               載具名稱 載具號碼 總金額
--------------------------------------------------------------------------------------------------------------------------
 34   M    開立     VA-06069079 2017-08-24 +0800 28997385 全家便利商店股份有限公司芎林富林分公司 悠遊卡   26182229   65.0
     =============================================================================
      項次 表頭 發票號碼      小計 品項名稱                                      
     -----------------------------------------------------------------------------
      1    D    VA-06069079   10.0 茶葉蛋（銷售用）                              
      2    D    VA-06069079   10.0 茶葉蛋（銷售用）                              
      3    D    VA-06069079   45.0 蕃薯（４５元）                                
     =============================================================================
==========================================================================================================================
 項次 表頭 發票狀態 發票號碼    發票日期         商店統編 商店店名                               載具名稱 載具號碼 總金額
--------------------------------------------------------------------------------------------------------------------------
 35   M    開立     VA-09115707 2017-08-25 +0800 31637391 全家便利商店股份有限公司橫山致豐門市部 悠遊卡   26182229   30.0
     =============================================================================
      項次 表頭 發票號碼      小計 品項名稱                                      
     -----------------------------------------------------------------------------
      1    D    VA-09115707   30.0 樂多綠茶                                      
     =============================================================================
==========================================================================================================================
 項次 表頭 發票狀態 發票號碼    發票日期         商店統編 商店店名                               載具名稱 載具號碼 總金額
--------------------------------------------------------------------------------------------------------------------------
 36   M    開立     VA-09115709 2017-08-25 +0800 31637391 全家便利商店股份有限公司橫山致豐門市部 悠遊卡   26182229   65.0
     =============================================================================
      項次 表頭 發票號碼      小計 品項名稱                                      
     -----------------------------------------------------------------------------
      1    D    VA-09115709   65.0 （舊）尊爵Ｇ１                                
     =============================================================================
==========================================================================================================================
 項次 表頭 發票狀態 發票號碼    發票日期         商店統編 商店店名                               載具名稱 載具號碼 總金額
--------------------------------------------------------------------------------------------------------------------------
 37   M    開立     VA-09115744 2017-08-25 +0800 31637391 全家便利商店股份有限公司橫山致豐門市部 悠遊卡   26182229   65.0
     =============================================================================
      項次 表頭 發票號碼      小計 品項名稱                                      
     -----------------------------------------------------------------------------
      1    D    VA-09115744   10.0 茶葉蛋（銷售用）                              
      2    D    VA-09115744   10.0 茶葉蛋（銷售用）                              
      3    D    VA-09115744   45.0 蕃薯（４５元）                                
     =============================================================================
==========================================================================================================================
 項次 表頭 發票狀態 發票號碼    發票日期         商店統編 商店店名                               載具名稱 載具號碼 總金額
--------------------------------------------------------------------------------------------------------------------------
 38   M    開立     VT-81634889 2017-08-24 +0800 27365925 富邦媒體科技股份有限公司               手機條碼 /+69WYM2 1131.0
     =============================================================================
      項次 表頭 發票號碼      小計 品項名稱                                      
     -----------------------------------------------------------------------------
      1    D    VT-81634889 1131.0 【美國Stanley】經典單手保溫咖啡杯591ml(錘紋藍)
     =============================================================================
